#
# There is insufficient memory for the Java Runtime Environment to continue.
# Native memory allocation (malloc) failed to allocate 1163856 bytes for Chunk::new
# Possible reasons:
#   The system is out of physical RAM or swap space
#   The process is running with CompressedOops enabled, and the Java Heap may be blocking the growth of the native heap
# Possible solutions:
#   Reduce memory load on the system
#   Increase physical memory or swap space
#   Check if swap backing store is full
#   Decrease Java heap size (-Xmx/-Xms)
#   Decrease number of Java threads
#   Decrease Java thread stack sizes (-Xss)
#   Set larger code cache with -XX:ReservedCodeCacheSize=
#   JVM is running with Unscaled Compressed Oops mode in which the Java heap is
#     placed in the first 4GB address space. The Java Heap base address is the
#     maximum limit for the native heap growth. Please use -XX:HeapBaseMinAddress
#     to set the Java Heap base and to place the Java Heap above 4GB virtual address.
# This output file may be truncated or incomplete.
#
#  Out of Memory Error (arena.cpp:189), pid=23328, tid=30164
#
# JRE version: OpenJDK Runtime Environment JBR-17.0.5+1-653.6-nomod (17.0.5+1) (build 17.0.5+1-b653.6)
# Java VM: OpenJDK 64-Bit Server VM JBR-17.0.5+1-653.6-nomod (17.0.5+1-b653.6, mixed mode, tiered, compressed oops, compressed class ptrs, g1 gc, windows-amd64)
# No core dump will be written. Minidumps are not enabled by default on client versions of Windows
#

---------------  S U M M A R Y ------------

Command Line: -javaagent:C:\Program Files\JetBrains\IntelliJ IDEA Community Edition 2022.2.3\lib\idea_rt.jar=61048:C:\Program Files\JetBrains\IntelliJ IDEA Community Edition 2022.2.3\bin -Dfile.encoding=UTF-8 com.proyecto.faan.FaanBackApplication

Host: AMD Ryzen 5 3550H with Radeon Vega Mobile Gfx  , 8 cores, 7G,  Windows 11 , 64 bit Build 22621 (10.0.22621.2070)
Time: Thu Sep 14 20:39:58 2023 Hora est. Pacífico, Sudamérica elapsed time: 42.775134 seconds (0d 0h 0m 42s)

---------------  T H R E A D  ---------------

Current thread (0x00000114872f4e30):  JavaThread "C2 CompilerThread1" daemon [_thread_in_native, id=30164, stack(0x0000000156800000,0x0000000156900000)]


Current CompileTask:
C2:  42775 9694       4       org.springframework.core.MethodIntrospector::lambda$selectMethods$0 (59 bytes)

Stack: [0x0000000156800000,0x0000000156900000]
Native frames: (J=compiled Java code, j=interpreted, Vv=VM code, C=native code)
V  [jvm.dll+0x6831ca]
V  [jvm.dll+0x83f5c4]
V  [jvm.dll+0x840d6e]
V  [jvm.dll+0x8413d3]
V  [jvm.dll+0x2491b5]
V  [jvm.dll+0xabd5c]
V  [jvm.dll+0xac32c]
V  [jvm.dll+0x368182]
V  [jvm.dll+0x332831]
V  [jvm.dll+0x331cda]
V  [jvm.dll+0x21b831]
V  [jvm.dll+0x21ac51]
V  [jvm.dll+0x1a470d]
V  [jvm.dll+0x22a6c8]
V  [jvm.dll+0x228789]
V  [jvm.dll+0x7f4fac]
V  [jvm.dll+0x7ef50a]
V  [jvm.dll+0x682005]
C  [ucrtbase.dll+0x29363]
C  [KERNEL32.DLL+0x126ad]
C  [ntdll.dll+0x5aa68]


---------------  P R O C E S S  ---------------

Threads class SMR info:
_java_thread_list=0x000001148b15cf20, length=39, elements={
0x00000114fedca3f0, 0x00000114fedcccc0, 0x00000114ff841690, 0x00000114ff843f60,
0x00000114ff844820, 0x00000114ff8450e0, 0x00000114ff8491d0, 0x00000114ff851ae0,
0x00000114ff8523e0, 0x00000114fed50010, 0x0000011485e253d0, 0x00000114ffb9f120,
0x00000114888a8cc0, 0x000001148a7882d0, 0x000001148751a030, 0x0000011486fd1010,
0x000001148a6dae70, 0x000001148a6db810, 0x000001148a6dbce0, 0x000001148a6dc680,
0x000001148a6dcb50, 0x000001148a6dd9c0, 0x0000011486426810, 0x00000114872f4e30,
0x00000114864254d0, 0x0000011486428020, 0x00000114864284f0, 0x00000114864289c0,
0x0000011486426ce0, 0x0000011486425000, 0x00000114864271b0, 0x0000011486427680,
0x0000011486427b50, 0x00000114864259a0, 0x0000011486425e70, 0x000001148a6dd020,
0x0000011491cf9d40, 0x0000011491cf5510, 0x0000011491cf3d00
}

Java Threads: ( => current thread )
  0x00000114fedca3f0 JavaThread "Reference Handler" daemon [_thread_blocked, id=23280, stack(0x0000000154400000,0x0000000154500000)]
  0x00000114fedcccc0 JavaThread "Finalizer" daemon [_thread_blocked, id=26188, stack(0x0000000154500000,0x0000000154600000)]
  0x00000114ff841690 JavaThread "Signal Dispatcher" daemon [_thread_blocked, id=28676, stack(0x0000000154600000,0x0000000154700000)]
  0x00000114ff843f60 JavaThread "Attach Listener" daemon [_thread_blocked, id=22872, stack(0x0000000154700000,0x0000000154800000)]
  0x00000114ff844820 JavaThread "Service Thread" daemon [_thread_blocked, id=29476, stack(0x0000000154800000,0x0000000154900000)]
  0x00000114ff8450e0 JavaThread "Monitor Deflation Thread" daemon [_thread_blocked, id=26000, stack(0x0000000154900000,0x0000000154a00000)]
  0x00000114ff8491d0 JavaThread "C2 CompilerThread0" daemon [_thread_blocked, id=28400, stack(0x0000000154a00000,0x0000000154b00000)]
  0x00000114ff851ae0 JavaThread "C1 CompilerThread0" daemon [_thread_blocked, id=14020, stack(0x0000000154b00000,0x0000000154c00000)]
  0x00000114ff8523e0 JavaThread "Sweeper thread" daemon [_thread_blocked, id=19788, stack(0x0000000154c00000,0x0000000154d00000)]
  0x00000114fed50010 JavaThread "Common-Cleaner" daemon [_thread_blocked, id=24640, stack(0x0000000154d00000,0x0000000154e00000)]
  0x0000011485e253d0 JavaThread "Monitor Ctrl-Break" daemon [_thread_in_native, id=31912, stack(0x0000000154f00000,0x0000000155000000)]
  0x00000114ffb9f120 JavaThread "Notification Thread" daemon [_thread_blocked, id=24716, stack(0x0000000155000000,0x0000000155100000)]
  0x00000114888a8cc0 JavaThread "Catalina-utility-1" [_thread_blocked, id=19768, stack(0x0000000155b00000,0x0000000155c00000)]
  0x000001148a7882d0 JavaThread "Catalina-utility-2" [_thread_blocked, id=22232, stack(0x0000000155e00000,0x0000000155f00000)]
  0x000001148751a030 JavaThread "container-0" [_thread_blocked, id=18604, stack(0x0000000155f00000,0x0000000156000000)]
  0x0000011486fd1010 JavaThread "mysql-cj-abandoned-connection-cleanup" daemon [_thread_blocked, id=22056, stack(0x0000000156000000,0x0000000156100000)]
  0x000001148a6dae70 JavaThread "HikariPool-1 housekeeper" daemon [_thread_blocked, id=33352, stack(0x0000000156200000,0x0000000156300000)]
  0x000001148a6db810 JavaThread "BufferPoolPruner-1-thread-1" daemon [_thread_blocked, id=17196, stack(0x0000000154e00000,0x0000000154f00000)]
  0x000001148a6dbce0 JavaThread "cluster-ClusterId{value='6503b5ddaaef3840aca12e4e', description='null'}-localhost:27017" daemon [_thread_in_native, id=23124, stack(0x0000000156300000,0x0000000156400000)]
  0x000001148a6dc680 JavaThread "cluster-rtt-ClusterId{value='6503b5ddaaef3840aca12e4e', description='null'}-localhost:27017" daemon [_thread_blocked, id=31924, stack(0x0000000156400000,0x0000000156500000)]
  0x000001148a6dcb50 JavaThread "MaintenanceTimer-2-thread-1" daemon [_thread_blocked, id=27476, stack(0x0000000156500000,0x0000000156600000)]
  0x000001148a6dd9c0 JavaThread "Live Reload Server" daemon [_thread_in_native, id=26340, stack(0x0000000156700000,0x0000000156800000)]
  0x0000011486426810 JavaThread "java-sdk-http-connection-reaper" daemon [_thread_blocked, id=27780, stack(0x0000000156600000,0x0000000156700000)]
=>0x00000114872f4e30 JavaThread "C2 CompilerThread1" daemon [_thread_in_native, id=30164, stack(0x0000000156800000,0x0000000156900000)]
  0x00000114864254d0 JavaThread "File Watcher" daemon [_thread_in_native, id=18312, stack(0x0000000156c00000,0x0000000156d00000)]
  0x0000011486428020 JavaThread "http-nio-8080-exec-1" daemon [_thread_blocked, id=21696, stack(0x0000000156d00000,0x0000000156e00000)]
  0x00000114864284f0 JavaThread "http-nio-8080-exec-2" daemon [_thread_blocked, id=22256, stack(0x0000000156e00000,0x0000000156f00000)]
  0x00000114864289c0 JavaThread "http-nio-8080-exec-3" daemon [_thread_blocked, id=2268, stack(0x0000000156f00000,0x0000000157000000)]
  0x0000011486426ce0 JavaThread "http-nio-8080-exec-4" daemon [_thread_blocked, id=31960, stack(0x0000000157000000,0x0000000157100000)]
  0x0000011486425000 JavaThread "http-nio-8080-exec-5" daemon [_thread_blocked, id=16424, stack(0x0000000157100000,0x0000000157200000)]
  0x00000114864271b0 JavaThread "http-nio-8080-exec-6" daemon [_thread_blocked, id=19072, stack(0x0000000157200000,0x0000000157300000)]
  0x0000011486427680 JavaThread "http-nio-8080-exec-7" daemon [_thread_blocked, id=18996, stack(0x0000000157300000,0x0000000157400000)]
  0x0000011486427b50 JavaThread "http-nio-8080-exec-8" daemon [_thread_blocked, id=22672, stack(0x0000000157400000,0x0000000157500000)]
  0x00000114864259a0 JavaThread "http-nio-8080-exec-9" daemon [_thread_blocked, id=32748, stack(0x0000000157500000,0x0000000157600000)]
  0x0000011486425e70 JavaThread "http-nio-8080-exec-10" daemon [_thread_blocked, id=31900, stack(0x0000000157600000,0x0000000157700000)]
  0x000001148a6dd020 JavaThread "http-nio-8080-Poller" daemon [_thread_in_native, id=28604, stack(0x0000000157700000,0x0000000157800000)]
  0x0000011491cf9d40 JavaThread "http-nio-8080-Acceptor" daemon [_thread_in_native, id=32492, stack(0x0000000157800000,0x0000000157900000)]
  0x0000011491cf5510 JavaThread "scheduling-1" [_thread_blocked, id=23848, stack(0x0000000157900000,0x0000000157a00000)]
  0x0000011491cf3d00 JavaThread "DestroyJavaVM" [_thread_blocked, id=16664, stack(0x0000000153d00000,0x0000000153e00000)]

Other Threads:
  0x00000114fedc6a20 VMThread "VM Thread" [stack: 0x0000000154300000,0x0000000154400000] [id=27684]
  0x00000114eacd3c80 WatcherThread [stack: 0x0000000155100000,0x0000000155200000] [id=2920]
  0x00000114ead2c330 GCTaskThread "GC Thread#0" [stack: 0x0000000153e00000,0x0000000153f00000] [id=29000]
  0x0000011487021920 GCTaskThread "GC Thread#1" [stack: 0x0000000155200000,0x0000000155300000] [id=29432]
  0x0000011486df76b0 GCTaskThread "GC Thread#2" [stack: 0x0000000155300000,0x0000000155400000] [id=22500]
  0x0000011486804830 GCTaskThread "GC Thread#3" [stack: 0x0000000155400000,0x0000000155500000] [id=24928]
  0x0000011486887e20 GCTaskThread "GC Thread#4" [stack: 0x0000000155500000,0x0000000155600000] [id=30468]
  0x00000114868880d0 GCTaskThread "GC Thread#5" [stack: 0x0000000155600000,0x0000000155700000] [id=32732]
  0x0000011486542a60 GCTaskThread "GC Thread#6" [stack: 0x0000000155700000,0x0000000155800000] [id=2788]
  0x00000114871f1fb0 GCTaskThread "GC Thread#7" [stack: 0x0000000155c00000,0x0000000155d00000] [id=25052]
  0x00000114ead3d1b0 ConcurrentGCThread "G1 Main Marker" [stack: 0x0000000153f00000,0x0000000154000000] [id=17864]
  0x00000114ead3ea70 ConcurrentGCThread "G1 Conc#0" [stack: 0x0000000154000000,0x0000000154100000] [id=22628]
  0x000001148739f330 ConcurrentGCThread "G1 Conc#1" [stack: 0x0000000155d00000,0x0000000155e00000] [id=32920]
  0x00000114ead7df60 ConcurrentGCThread "G1 Refine#0" [stack: 0x0000000154100000,0x0000000154200000] [id=2988]
  0x0000011486a3dd70 ConcurrentGCThread "G1 Refine#1" [stack: 0x0000000155800000,0x0000000155900000] [id=24908]
  0x00000114ead7e820 ConcurrentGCThread "G1 Service" [stack: 0x0000000154200000,0x0000000154300000] [id=19696]

Threads with active compile tasks:
C2 CompilerThread1    42858 9694       4       org.springframework.core.MethodIntrospector::lambda$selectMethods$0 (59 bytes)

VM state: not at safepoint (normal execution)

VM Mutex/Monitor currently owned by a thread: None

Heap address: 0x0000000084e00000, size: 1970 MB, Compressed Oops mode: 32-bit

CDS archive(s) not mapped
Compressed class space mapped at: 0x0000000100000000-0x0000000140000000, reserved size: 1073741824
Narrow klass base: 0x0000000000000000, Narrow klass shift: 3, Narrow klass range: 0x140000000

GC Precious Log:
 CPUs: 8 total, 8 available
 Memory: 7874M
 Large Page Support: Disabled
 NUMA Support: Disabled
 Compressed Oops: Enabled (32-bit)
 Heap Region Size: 1M
 Heap Min Capacity: 8M
 Heap Initial Capacity: 124M
 Heap Max Capacity: 1970M
 Pre-touch: Disabled
 Parallel Workers: 8
 Concurrent Workers: 2
 Concurrent Refinement Workers: 8
 Periodic GC: Disabled

Heap:
 garbage-first heap   total 376832K, used 110930K [0x0000000084e00000, 0x0000000100000000)
  region size 1024K, 34 young (34816K), 10 survivors (10240K)
 Metaspace       used 102073K, committed 102784K, reserved 1138688K
  class space    used 13821K, committed 14144K, reserved 1048576K

Heap Regions: E=young(eden), S=young(survivor), O=old, HS=humongous(starts), HC=humongous(continues), CS=collection set, F=free, OA=open archive, CA=closed archive, TAMS=top-at-mark-start (previous, next)
|   0|0x0000000084e00000, 0x0000000084f00000, 0x0000000084f00000|100%|HS|  |TAMS 0x0000000084f00000, 0x0000000084e00000| Complete 
|   1|0x0000000084f00000, 0x0000000085000000, 0x0000000085000000|100%| O|  |TAMS 0x0000000085000000, 0x0000000084f00000| Untracked 
|   2|0x0000000085000000, 0x0000000085100000, 0x0000000085100000|100%| O|  |TAMS 0x0000000085100000, 0x0000000085000000| Untracked 
|   3|0x0000000085100000, 0x0000000085200000, 0x0000000085200000|100%| O|  |TAMS 0x0000000085200000, 0x0000000085100000| Untracked 
|   4|0x0000000085200000, 0x0000000085300000, 0x0000000085300000|100%| O|  |TAMS 0x0000000085300000, 0x0000000085200000| Untracked 
|   5|0x0000000085300000, 0x0000000085400000, 0x0000000085400000|100%| O|  |TAMS 0x0000000085400000, 0x0000000085300000| Untracked 
|   6|0x0000000085400000, 0x0000000085500000, 0x0000000085500000|100%| O|  |TAMS 0x0000000085500000, 0x0000000085400000| Untracked 
|   7|0x0000000085500000, 0x0000000085600000, 0x0000000085600000|100%| O|  |TAMS 0x0000000085600000, 0x0000000085500000| Untracked 
|   8|0x0000000085600000, 0x0000000085700000, 0x0000000085700000|100%| O|  |TAMS 0x0000000085700000, 0x0000000085600000| Untracked 
|   9|0x0000000085700000, 0x0000000085800000, 0x0000000085800000|100%| O|  |TAMS 0x0000000085800000, 0x0000000085700000| Untracked 
|  10|0x0000000085800000, 0x0000000085900000, 0x0000000085900000|100%| O|  |TAMS 0x0000000085900000, 0x0000000085800000| Untracked 
|  11|0x0000000085900000, 0x0000000085a00000, 0x0000000085a00000|100%| O|  |TAMS 0x0000000085a00000, 0x0000000085900000| Untracked 
|  12|0x0000000085a00000, 0x0000000085b00000, 0x0000000085b00000|100%| O|  |TAMS 0x0000000085b00000, 0x0000000085a00000| Untracked 
|  13|0x0000000085b00000, 0x0000000085c00000, 0x0000000085c00000|100%| O|  |TAMS 0x0000000085c00000, 0x0000000085b00000| Untracked 
|  14|0x0000000085c00000, 0x0000000085d00000, 0x0000000085d00000|100%| O|  |TAMS 0x0000000085d00000, 0x0000000085c00000| Untracked 
|  15|0x0000000085d00000, 0x0000000085e00000, 0x0000000085e00000|100%| O|  |TAMS 0x0000000085e00000, 0x0000000085d00000| Untracked 
|  16|0x0000000085e00000, 0x0000000085f00000, 0x0000000085f00000|100%| O|  |TAMS 0x0000000085f00000, 0x0000000085e00000| Untracked 
|  17|0x0000000085f00000, 0x0000000086000000, 0x0000000086000000|100%| O|  |TAMS 0x0000000086000000, 0x0000000085f00000| Untracked 
|  18|0x0000000086000000, 0x0000000086100000, 0x0000000086100000|100%| O|  |TAMS 0x0000000086100000, 0x0000000086000000| Untracked 
|  19|0x0000000086100000, 0x0000000086200000, 0x0000000086200000|100%| O|  |TAMS 0x0000000086200000, 0x0000000086100000| Untracked 
|  20|0x0000000086200000, 0x0000000086300000, 0x0000000086300000|100%| O|  |TAMS 0x0000000086300000, 0x0000000086200000| Untracked 
|  21|0x0000000086300000, 0x0000000086400000, 0x0000000086400000|100%| O|  |TAMS 0x0000000086400000, 0x0000000086300000| Untracked 
|  22|0x0000000086400000, 0x0000000086500000, 0x0000000086500000|100%| O|  |TAMS 0x0000000086500000, 0x0000000086400000| Untracked 
|  23|0x0000000086500000, 0x0000000086600000, 0x0000000086600000|100%| O|  |TAMS 0x0000000086600000, 0x0000000086500000| Untracked 
|  24|0x0000000086600000, 0x0000000086700000, 0x0000000086700000|100%| O|  |TAMS 0x0000000086700000, 0x0000000086600000| Untracked 
|  25|0x0000000086700000, 0x0000000086800000, 0x0000000086800000|100%| O|  |TAMS 0x0000000086800000, 0x0000000086700000| Untracked 
|  26|0x0000000086800000, 0x0000000086900000, 0x0000000086900000|100%| O|  |TAMS 0x0000000086900000, 0x0000000086800000| Untracked 
|  27|0x0000000086900000, 0x0000000086a00000, 0x0000000086a00000|100%| O|  |TAMS 0x0000000086a00000, 0x0000000086900000| Untracked 
|  28|0x0000000086a00000, 0x0000000086b00000, 0x0000000086b00000|100%| O|  |TAMS 0x0000000086b00000, 0x0000000086a00000| Untracked 
|  29|0x0000000086b00000, 0x0000000086c00000, 0x0000000086c00000|100%| O|  |TAMS 0x0000000086c00000, 0x0000000086b00000| Untracked 
|  30|0x0000000086c00000, 0x0000000086d00000, 0x0000000086d00000|100%| O|  |TAMS 0x0000000086d00000, 0x0000000086c00000| Untracked 
|  31|0x0000000086d00000, 0x0000000086e00000, 0x0000000086e00000|100%| O|  |TAMS 0x0000000086e00000, 0x0000000086d00000| Untracked 
|  32|0x0000000086e00000, 0x0000000086f00000, 0x0000000086f00000|100%| O|  |TAMS 0x0000000086f00000, 0x0000000086e00000| Untracked 
|  33|0x0000000086f00000, 0x0000000087000000, 0x0000000087000000|100%| O|  |TAMS 0x0000000087000000, 0x0000000086f00000| Untracked 
|  34|0x0000000087000000, 0x0000000087100000, 0x0000000087100000|100%| O|  |TAMS 0x0000000087100000, 0x0000000087000000| Untracked 
|  35|0x0000000087100000, 0x0000000087200000, 0x0000000087200000|100%| O|  |TAMS 0x0000000087200000, 0x0000000087100000| Untracked 
|  36|0x0000000087200000, 0x0000000087300000, 0x0000000087300000|100%| O|  |TAMS 0x0000000087300000, 0x0000000087200000| Untracked 
|  37|0x0000000087300000, 0x0000000087400000, 0x0000000087400000|100%| O|  |TAMS 0x0000000087300000, 0x0000000087300000| Untracked 
|  38|0x0000000087400000, 0x0000000087500000, 0x0000000087500000|100%| O|  |TAMS 0x0000000087500000, 0x0000000087400000| Untracked 
|  39|0x0000000087500000, 0x0000000087600000, 0x0000000087600000|100%| O|  |TAMS 0x0000000087600000, 0x0000000087500000| Untracked 
|  40|0x0000000087600000, 0x0000000087700000, 0x0000000087700000|100%| O|  |TAMS 0x0000000087700000, 0x0000000087600000| Untracked 
|  41|0x0000000087700000, 0x0000000087800000, 0x0000000087800000|100%| O|  |TAMS 0x0000000087800000, 0x0000000087700000| Untracked 
|  42|0x0000000087800000, 0x0000000087900000, 0x0000000087900000|100%| O|  |TAMS 0x0000000087900000, 0x0000000087800000| Untracked 
|  43|0x0000000087900000, 0x0000000087900000, 0x0000000087a00000|  0%| F|  |TAMS 0x0000000087900000, 0x0000000087900000| Untracked 
|  44|0x0000000087a00000, 0x0000000087a00000, 0x0000000087b00000|  0%| F|  |TAMS 0x0000000087a00000, 0x0000000087a00000| Untracked 
|  45|0x0000000087b00000, 0x0000000087c00000, 0x0000000087c00000|100%| O|  |TAMS 0x0000000087c00000, 0x0000000087b00000| Untracked 
|  46|0x0000000087c00000, 0x0000000087d00000, 0x0000000087d00000|100%| O|  |TAMS 0x0000000087c00000, 0x0000000087c00000| Untracked 
|  47|0x0000000087d00000, 0x0000000087d00000, 0x0000000087e00000|  0%| F|  |TAMS 0x0000000087d00000, 0x0000000087d00000| Untracked 
|  48|0x0000000087e00000, 0x0000000087f00000, 0x0000000087f00000|100%| O|  |TAMS 0x0000000087f00000, 0x0000000087e00000| Untracked 
|  49|0x0000000087f00000, 0x0000000087f00000, 0x0000000088000000|  0%| F|  |TAMS 0x0000000087f00000, 0x0000000087f00000| Untracked 
|  50|0x0000000088000000, 0x0000000088000000, 0x0000000088100000|  0%| F|  |TAMS 0x0000000088000000, 0x0000000088000000| Untracked 
|  51|0x0000000088100000, 0x0000000088100000, 0x0000000088200000|  0%| F|  |TAMS 0x0000000088100000, 0x0000000088100000| Untracked 
|  52|0x0000000088200000, 0x0000000088300000, 0x0000000088300000|100%| O|  |TAMS 0x0000000088300000, 0x0000000088200000| Untracked 
|  53|0x0000000088300000, 0x0000000088400000, 0x0000000088400000|100%| O|  |TAMS 0x0000000088400000, 0x0000000088300000| Untracked 
|  54|0x0000000088400000, 0x0000000088500000, 0x0000000088500000|100%| O|  |TAMS 0x0000000088400000, 0x0000000088400000| Untracked 
|  55|0x0000000088500000, 0x0000000088600000, 0x0000000088600000|100%| O|  |TAMS 0x0000000088600000, 0x0000000088500000| Untracked 
|  56|0x0000000088600000, 0x0000000088700000, 0x0000000088700000|100%| O|  |TAMS 0x0000000088700000, 0x0000000088600000| Untracked 
|  57|0x0000000088700000, 0x0000000088800000, 0x0000000088800000|100%| O|  |TAMS 0x0000000088800000, 0x0000000088700000| Untracked 
|  58|0x0000000088800000, 0x0000000088900000, 0x0000000088900000|100%| O|  |TAMS 0x0000000088900000, 0x0000000088800000| Untracked 
|  59|0x0000000088900000, 0x0000000088a00000, 0x0000000088a00000|100%| O|  |TAMS 0x0000000088a00000, 0x0000000088900000| Untracked 
|  60|0x0000000088a00000, 0x0000000088b00000, 0x0000000088b00000|100%| O|  |TAMS 0x0000000088b00000, 0x0000000088a00000| Untracked 
|  61|0x0000000088b00000, 0x0000000088c00000, 0x0000000088c00000|100%| O|  |TAMS 0x0000000088c00000, 0x0000000088b00000| Untracked 
|  62|0x0000000088c00000, 0x0000000088d00000, 0x0000000088d00000|100%| O|  |TAMS 0x0000000088d00000, 0x0000000088c00000| Untracked 
|  63|0x0000000088d00000, 0x0000000088e00000, 0x0000000088e00000|100%| O|  |TAMS 0x0000000088e00000, 0x0000000088d00000| Untracked 
|  64|0x0000000088e00000, 0x0000000088f00000, 0x0000000088f00000|100%| O|  |TAMS 0x0000000088e0d000, 0x0000000088e00000| Untracked 
|  65|0x0000000088f00000, 0x0000000089000000, 0x0000000089000000|100%| O|  |TAMS 0x0000000088f00000, 0x0000000088f00000| Untracked 
|  66|0x0000000089000000, 0x0000000089100000, 0x0000000089100000|100%| O|  |TAMS 0x0000000089000000, 0x0000000089000000| Untracked 
|  67|0x0000000089100000, 0x0000000089200000, 0x0000000089200000|100%| O|  |TAMS 0x0000000089100000, 0x0000000089100000| Untracked 
|  68|0x0000000089200000, 0x0000000089300000, 0x0000000089300000|100%| O|  |TAMS 0x0000000089200000, 0x0000000089200000| Untracked 
|  69|0x0000000089300000, 0x0000000089400000, 0x0000000089400000|100%| O|  |TAMS 0x0000000089300000, 0x0000000089300000| Untracked 
|  70|0x0000000089400000, 0x0000000089500000, 0x0000000089500000|100%| O|  |TAMS 0x0000000089400000, 0x0000000089400000| Untracked 
|  71|0x0000000089500000, 0x0000000089600000, 0x0000000089600000|100%| O|  |TAMS 0x0000000089500000, 0x0000000089500000| Untracked 
|  72|0x0000000089600000, 0x0000000089700000, 0x0000000089700000|100%| O|  |TAMS 0x0000000089600000, 0x0000000089600000| Untracked 
|  73|0x0000000089700000, 0x0000000089800000, 0x0000000089800000|100%| O|  |TAMS 0x0000000089700000, 0x0000000089700000| Untracked 
|  74|0x0000000089800000, 0x0000000089900000, 0x0000000089900000|100%| O|  |TAMS 0x0000000089800000, 0x0000000089800000| Untracked 
|  75|0x0000000089900000, 0x0000000089a00000, 0x0000000089a00000|100%| O|  |TAMS 0x0000000089900000, 0x0000000089900000| Untracked 
|  76|0x0000000089a00000, 0x0000000089b00000, 0x0000000089b00000|100%| O|  |TAMS 0x0000000089a00000, 0x0000000089a00000| Untracked 
|  77|0x0000000089b00000, 0x0000000089c00000, 0x0000000089c00000|100%| O|  |TAMS 0x0000000089b00000, 0x0000000089b00000| Untracked 
|  78|0x0000000089c00000, 0x0000000089d00000, 0x0000000089d00000|100%| O|  |TAMS 0x0000000089c00000, 0x0000000089c00000| Untracked 
|  79|0x0000000089d00000, 0x0000000089e00000, 0x0000000089e00000|100%| O|  |TAMS 0x0000000089d00000, 0x0000000089d00000| Untracked 
|  80|0x0000000089e00000, 0x0000000089f00000, 0x0000000089f00000|100%| O|  |TAMS 0x0000000089e00000, 0x0000000089e00000| Untracked 
|  81|0x0000000089f00000, 0x000000008a000000, 0x000000008a000000|100%| O|  |TAMS 0x0000000089f00000, 0x0000000089f00000| Untracked 
|  82|0x000000008a000000, 0x000000008a000000, 0x000000008a100000|  0%| F|  |TAMS 0x000000008a000000, 0x000000008a000000| Untracked 
|  83|0x000000008a100000, 0x000000008a100000, 0x000000008a200000|  0%| F|  |TAMS 0x000000008a100000, 0x000000008a100000| Untracked 
|  84|0x000000008a200000, 0x000000008a200000, 0x000000008a300000|  0%| F|  |TAMS 0x000000008a200000, 0x000000008a200000| Untracked 
|  85|0x000000008a300000, 0x000000008a300000, 0x000000008a400000|  0%| F|  |TAMS 0x000000008a300000, 0x000000008a300000| Untracked 
|  86|0x000000008a400000, 0x000000008a400000, 0x000000008a500000|  0%| F|  |TAMS 0x000000008a400000, 0x000000008a400000| Untracked 
|  87|0x000000008a500000, 0x000000008a500000, 0x000000008a600000|  0%| F|  |TAMS 0x000000008a500000, 0x000000008a500000| Untracked 
|  88|0x000000008a600000, 0x000000008a600000, 0x000000008a700000|  0%| F|  |TAMS 0x000000008a600000, 0x000000008a600000| Untracked 
|  89|0x000000008a700000, 0x000000008a700000, 0x000000008a800000|  0%| F|  |TAMS 0x000000008a700000, 0x000000008a700000| Untracked 
|  90|0x000000008a800000, 0x000000008a800000, 0x000000008a900000|  0%| F|  |TAMS 0x000000008a800000, 0x000000008a800000| Untracked 
|  91|0x000000008a900000, 0x000000008a900000, 0x000000008aa00000|  0%| F|  |TAMS 0x000000008a900000, 0x000000008a900000| Untracked 
|  92|0x000000008aa00000, 0x000000008aa00000, 0x000000008ab00000|  0%| F|  |TAMS 0x000000008aa00000, 0x000000008aa00000| Untracked 
|  93|0x000000008ab00000, 0x000000008ab00000, 0x000000008ac00000|  0%| F|  |TAMS 0x000000008ab00000, 0x000000008ab00000| Untracked 
|  94|0x000000008ac00000, 0x000000008ac00000, 0x000000008ad00000|  0%| F|  |TAMS 0x000000008ac00000, 0x000000008ac00000| Untracked 
|  95|0x000000008ad00000, 0x000000008ad00000, 0x000000008ae00000|  0%| F|  |TAMS 0x000000008ad00000, 0x000000008ad00000| Untracked 
|  96|0x000000008ae00000, 0x000000008ae00000, 0x000000008af00000|  0%| F|  |TAMS 0x000000008ae00000, 0x000000008ae00000| Untracked 
|  97|0x000000008af00000, 0x000000008af00000, 0x000000008b000000|  0%| F|  |TAMS 0x000000008af00000, 0x000000008af00000| Untracked 
|  98|0x000000008b000000, 0x000000008b000000, 0x000000008b100000|  0%| F|  |TAMS 0x000000008b000000, 0x000000008b000000| Untracked 
|  99|0x000000008b100000, 0x000000008b100000, 0x000000008b200000|  0%| F|  |TAMS 0x000000008b100000, 0x000000008b100000| Untracked 
| 100|0x000000008b200000, 0x000000008b200000, 0x000000008b300000|  0%| F|  |TAMS 0x000000008b200000, 0x000000008b200000| Untracked 
| 101|0x000000008b300000, 0x000000008b300000, 0x000000008b400000|  0%| F|  |TAMS 0x000000008b300000, 0x000000008b300000| Untracked 
| 102|0x000000008b400000, 0x000000008b400000, 0x000000008b500000|  0%| F|  |TAMS 0x000000008b400000, 0x000000008b400000| Untracked 
| 103|0x000000008b500000, 0x000000008b500000, 0x000000008b600000|  0%| F|  |TAMS 0x000000008b500000, 0x000000008b500000| Untracked 
| 104|0x000000008b600000, 0x000000008b600000, 0x000000008b700000|  0%| F|  |TAMS 0x000000008b600000, 0x000000008b600000| Untracked 
| 105|0x000000008b700000, 0x000000008b700000, 0x000000008b800000|  0%| F|  |TAMS 0x000000008b700000, 0x000000008b700000| Untracked 
| 106|0x000000008b800000, 0x000000008b800000, 0x000000008b900000|  0%| F|  |TAMS 0x000000008b800000, 0x000000008b800000| Untracked 
| 107|0x000000008b900000, 0x000000008b900000, 0x000000008ba00000|  0%| F|  |TAMS 0x000000008b900000, 0x000000008b900000| Untracked 
| 108|0x000000008ba00000, 0x000000008ba00000, 0x000000008bb00000|  0%| F|  |TAMS 0x000000008ba00000, 0x000000008ba00000| Untracked 
| 109|0x000000008bb00000, 0x000000008bb00000, 0x000000008bc00000|  0%| F|  |TAMS 0x000000008bb00000, 0x000000008bb00000| Untracked 
| 110|0x000000008bc00000, 0x000000008bc00000, 0x000000008bd00000|  0%| F|  |TAMS 0x000000008bc00000, 0x000000008bc00000| Untracked 
| 111|0x000000008bd00000, 0x000000008bd00000, 0x000000008be00000|  0%| F|  |TAMS 0x000000008bd00000, 0x000000008bd00000| Untracked 
| 112|0x000000008be00000, 0x000000008be00000, 0x000000008bf00000|  0%| F|  |TAMS 0x000000008be00000, 0x000000008be00000| Untracked 
| 113|0x000000008bf00000, 0x000000008bf00000, 0x000000008c000000|  0%| F|  |TAMS 0x000000008bf00000, 0x000000008bf00000| Untracked 
| 114|0x000000008c000000, 0x000000008c000000, 0x000000008c100000|  0%| F|  |TAMS 0x000000008c000000, 0x000000008c000000| Untracked 
| 115|0x000000008c100000, 0x000000008c100000, 0x000000008c200000|  0%| F|  |TAMS 0x000000008c100000, 0x000000008c100000| Untracked 
| 116|0x000000008c200000, 0x000000008c200000, 0x000000008c300000|  0%| F|  |TAMS 0x000000008c200000, 0x000000008c200000| Untracked 
| 117|0x000000008c300000, 0x000000008c300000, 0x000000008c400000|  0%| F|  |TAMS 0x000000008c300000, 0x000000008c300000| Untracked 
| 118|0x000000008c400000, 0x000000008c400000, 0x000000008c500000|  0%| F|  |TAMS 0x000000008c400000, 0x000000008c400000| Untracked 
| 119|0x000000008c500000, 0x000000008c500000, 0x000000008c600000|  0%| F|  |TAMS 0x000000008c500000, 0x000000008c500000| Untracked 
| 120|0x000000008c600000, 0x000000008c600000, 0x000000008c700000|  0%| F|  |TAMS 0x000000008c600000, 0x000000008c600000| Untracked 
| 121|0x000000008c700000, 0x000000008c700000, 0x000000008c800000|  0%| F|  |TAMS 0x000000008c700000, 0x000000008c700000| Untracked 
| 122|0x000000008c800000, 0x000000008c800000, 0x000000008c900000|  0%| F|  |TAMS 0x000000008c800000, 0x000000008c800000| Untracked 
| 123|0x000000008c900000, 0x000000008c900000, 0x000000008ca00000|  0%| F|  |TAMS 0x000000008c900000, 0x000000008c900000| Untracked 
| 124|0x000000008ca00000, 0x000000008ca00000, 0x000000008cb00000|  0%| F|  |TAMS 0x000000008ca00000, 0x000000008ca00000| Untracked 
| 125|0x000000008cb00000, 0x000000008cb00000, 0x000000008cc00000|  0%| F|  |TAMS 0x000000008cb00000, 0x000000008cb00000| Untracked 
| 126|0x000000008cc00000, 0x000000008cc00000, 0x000000008cd00000|  0%| F|  |TAMS 0x000000008cc00000, 0x000000008cc00000| Untracked 
| 127|0x000000008cd00000, 0x000000008cd00000, 0x000000008ce00000|  0%| F|  |TAMS 0x000000008cd00000, 0x000000008cd00000| Untracked 
| 128|0x000000008ce00000, 0x000000008ce00000, 0x000000008cf00000|  0%| F|  |TAMS 0x000000008ce00000, 0x000000008ce00000| Untracked 
| 129|0x000000008cf00000, 0x000000008cf00000, 0x000000008d000000|  0%| F|  |TAMS 0x000000008cf00000, 0x000000008cf00000| Untracked 
| 130|0x000000008d000000, 0x000000008d000000, 0x000000008d100000|  0%| F|  |TAMS 0x000000008d000000, 0x000000008d000000| Untracked 
| 131|0x000000008d100000, 0x000000008d100000, 0x000000008d200000|  0%| F|  |TAMS 0x000000008d100000, 0x000000008d100000| Untracked 
| 132|0x000000008d200000, 0x000000008d200000, 0x000000008d300000|  0%| F|  |TAMS 0x000000008d200000, 0x000000008d200000| Untracked 
| 133|0x000000008d300000, 0x000000008d300000, 0x000000008d400000|  0%| F|  |TAMS 0x000000008d300000, 0x000000008d300000| Untracked 
| 134|0x000000008d400000, 0x000000008d400000, 0x000000008d500000|  0%| F|  |TAMS 0x000000008d400000, 0x000000008d400000| Untracked 
| 135|0x000000008d500000, 0x000000008d500000, 0x000000008d600000|  0%| F|  |TAMS 0x000000008d500000, 0x000000008d500000| Untracked 
| 136|0x000000008d600000, 0x000000008d600000, 0x000000008d700000|  0%| F|  |TAMS 0x000000008d600000, 0x000000008d600000| Untracked 
| 137|0x000000008d700000, 0x000000008d700000, 0x000000008d800000|  0%| F|  |TAMS 0x000000008d700000, 0x000000008d700000| Untracked 
| 138|0x000000008d800000, 0x000000008d800000, 0x000000008d900000|  0%| F|  |TAMS 0x000000008d800000, 0x000000008d800000| Untracked 
| 139|0x000000008d900000, 0x000000008d900000, 0x000000008da00000|  0%| F|  |TAMS 0x000000008d900000, 0x000000008d900000| Untracked 
| 140|0x000000008da00000, 0x000000008da00000, 0x000000008db00000|  0%| F|  |TAMS 0x000000008da00000, 0x000000008da00000| Untracked 
| 141|0x000000008db00000, 0x000000008db00000, 0x000000008dc00000|  0%| F|  |TAMS 0x000000008db00000, 0x000000008db00000| Untracked 
| 142|0x000000008dc00000, 0x000000008dc00000, 0x000000008dd00000|  0%| F|  |TAMS 0x000000008dc00000, 0x000000008dc00000| Untracked 
| 143|0x000000008dd00000, 0x000000008dd00000, 0x000000008de00000|  0%| F|  |TAMS 0x000000008dd00000, 0x000000008dd00000| Untracked 
| 144|0x000000008de00000, 0x000000008de00000, 0x000000008df00000|  0%| F|  |TAMS 0x000000008de00000, 0x000000008de00000| Untracked 
| 145|0x000000008df00000, 0x000000008df00000, 0x000000008e000000|  0%| F|  |TAMS 0x000000008df00000, 0x000000008df00000| Untracked 
| 146|0x000000008e000000, 0x000000008e000000, 0x000000008e100000|  0%| F|  |TAMS 0x000000008e000000, 0x000000008e000000| Untracked 
| 147|0x000000008e100000, 0x000000008e100000, 0x000000008e200000|  0%| F|  |TAMS 0x000000008e100000, 0x000000008e100000| Untracked 
| 148|0x000000008e200000, 0x000000008e200000, 0x000000008e300000|  0%| F|  |TAMS 0x000000008e200000, 0x000000008e200000| Untracked 
| 149|0x000000008e300000, 0x000000008e300000, 0x000000008e400000|  0%| F|  |TAMS 0x000000008e300000, 0x000000008e300000| Untracked 
| 150|0x000000008e400000, 0x000000008e400000, 0x000000008e500000|  0%| F|  |TAMS 0x000000008e400000, 0x000000008e400000| Untracked 
| 151|0x000000008e500000, 0x000000008e500000, 0x000000008e600000|  0%| F|  |TAMS 0x000000008e500000, 0x000000008e500000| Untracked 
| 152|0x000000008e600000, 0x000000008e600000, 0x000000008e700000|  0%| F|  |TAMS 0x000000008e600000, 0x000000008e600000| Untracked 
| 153|0x000000008e700000, 0x000000008e700000, 0x000000008e800000|  0%| F|  |TAMS 0x000000008e700000, 0x000000008e700000| Untracked 
| 154|0x000000008e800000, 0x000000008e800000, 0x000000008e900000|  0%| F|  |TAMS 0x000000008e800000, 0x000000008e800000| Untracked 
| 155|0x000000008e900000, 0x000000008e900000, 0x000000008ea00000|  0%| F|  |TAMS 0x000000008e900000, 0x000000008e900000| Untracked 
| 156|0x000000008ea00000, 0x000000008ea00000, 0x000000008eb00000|  0%| F|  |TAMS 0x000000008ea00000, 0x000000008ea00000| Untracked 
| 157|0x000000008eb00000, 0x000000008eb00000, 0x000000008ec00000|  0%| F|  |TAMS 0x000000008eb00000, 0x000000008eb00000| Untracked 
| 158|0x000000008ec00000, 0x000000008ec00000, 0x000000008ed00000|  0%| F|  |TAMS 0x000000008ec00000, 0x000000008ec00000| Untracked 
| 159|0x000000008ed00000, 0x000000008ed00000, 0x000000008ee00000|  0%| F|  |TAMS 0x000000008ed00000, 0x000000008ed00000| Untracked 
| 160|0x000000008ee00000, 0x000000008ee00000, 0x000000008ef00000|  0%| F|  |TAMS 0x000000008ee00000, 0x000000008ee00000| Untracked 
| 161|0x000000008ef00000, 0x000000008ef00000, 0x000000008f000000|  0%| F|  |TAMS 0x000000008ef00000, 0x000000008ef00000| Untracked 
| 162|0x000000008f000000, 0x000000008f000000, 0x000000008f100000|  0%| F|  |TAMS 0x000000008f000000, 0x000000008f000000| Untracked 
| 163|0x000000008f100000, 0x000000008f100000, 0x000000008f200000|  0%| F|  |TAMS 0x000000008f100000, 0x000000008f100000| Untracked 
| 164|0x000000008f200000, 0x000000008f200000, 0x000000008f300000|  0%| F|  |TAMS 0x000000008f200000, 0x000000008f200000| Untracked 
| 165|0x000000008f300000, 0x000000008f300000, 0x000000008f400000|  0%| F|  |TAMS 0x000000008f300000, 0x000000008f300000| Untracked 
| 166|0x000000008f400000, 0x000000008f400000, 0x000000008f500000|  0%| F|  |TAMS 0x000000008f400000, 0x000000008f400000| Untracked 
| 167|0x000000008f500000, 0x000000008f500000, 0x000000008f600000|  0%| F|  |TAMS 0x000000008f500000, 0x000000008f500000| Untracked 
| 168|0x000000008f600000, 0x000000008f600000, 0x000000008f700000|  0%| F|  |TAMS 0x000000008f600000, 0x000000008f600000| Untracked 
| 169|0x000000008f700000, 0x000000008f700000, 0x000000008f800000|  0%| F|  |TAMS 0x000000008f700000, 0x000000008f700000| Untracked 
| 170|0x000000008f800000, 0x000000008f800000, 0x000000008f900000|  0%| F|  |TAMS 0x000000008f800000, 0x000000008f800000| Untracked 
| 171|0x000000008f900000, 0x000000008f900000, 0x000000008fa00000|  0%| F|  |TAMS 0x000000008f900000, 0x000000008f900000| Untracked 
| 172|0x000000008fa00000, 0x000000008fa00000, 0x000000008fb00000|  0%| F|  |TAMS 0x000000008fa00000, 0x000000008fa00000| Untracked 
| 173|0x000000008fb00000, 0x000000008fb00000, 0x000000008fc00000|  0%| F|  |TAMS 0x000000008fb00000, 0x000000008fb00000| Untracked 
| 174|0x000000008fc00000, 0x000000008fc00000, 0x000000008fd00000|  0%| F|  |TAMS 0x000000008fc00000, 0x000000008fc00000| Untracked 
| 175|0x000000008fd00000, 0x000000008fd00000, 0x000000008fe00000|  0%| F|  |TAMS 0x000000008fd00000, 0x000000008fd00000| Untracked 
| 176|0x000000008fe00000, 0x000000008fe00000, 0x000000008ff00000|  0%| F|  |TAMS 0x000000008fe00000, 0x000000008fe00000| Untracked 
| 177|0x000000008ff00000, 0x000000008ff00000, 0x0000000090000000|  0%| F|  |TAMS 0x000000008ff00000, 0x000000008ff00000| Untracked 
| 178|0x0000000090000000, 0x0000000090000000, 0x0000000090100000|  0%| F|  |TAMS 0x0000000090000000, 0x0000000090000000| Untracked 
| 179|0x0000000090100000, 0x0000000090100000, 0x0000000090200000|  0%| F|  |TAMS 0x0000000090100000, 0x0000000090100000| Untracked 
| 180|0x0000000090200000, 0x0000000090200000, 0x0000000090300000|  0%| F|  |TAMS 0x0000000090200000, 0x0000000090200000| Untracked 
| 181|0x0000000090300000, 0x0000000090300000, 0x0000000090400000|  0%| F|  |TAMS 0x0000000090300000, 0x0000000090300000| Untracked 
| 182|0x0000000090400000, 0x0000000090400000, 0x0000000090500000|  0%| F|  |TAMS 0x0000000090400000, 0x0000000090400000| Untracked 
| 183|0x0000000090500000, 0x0000000090500000, 0x0000000090600000|  0%| F|  |TAMS 0x0000000090500000, 0x0000000090500000| Untracked 
| 184|0x0000000090600000, 0x0000000090600000, 0x0000000090700000|  0%| F|  |TAMS 0x0000000090600000, 0x0000000090600000| Untracked 
| 185|0x0000000090700000, 0x0000000090700000, 0x0000000090800000|  0%| F|  |TAMS 0x0000000090700000, 0x0000000090700000| Untracked 
| 186|0x0000000090800000, 0x0000000090800000, 0x0000000090900000|  0%| F|  |TAMS 0x0000000090800000, 0x0000000090800000| Untracked 
| 187|0x0000000090900000, 0x0000000090900000, 0x0000000090a00000|  0%| F|  |TAMS 0x0000000090900000, 0x0000000090900000| Untracked 
| 188|0x0000000090a00000, 0x0000000090a00000, 0x0000000090b00000|  0%| F|  |TAMS 0x0000000090a00000, 0x0000000090a00000| Untracked 
| 189|0x0000000090b00000, 0x0000000090b00000, 0x0000000090c00000|  0%| F|  |TAMS 0x0000000090b00000, 0x0000000090b00000| Untracked 
| 190|0x0000000090c00000, 0x0000000090c00000, 0x0000000090d00000|  0%| F|  |TAMS 0x0000000090c00000, 0x0000000090c00000| Untracked 
| 191|0x0000000090d00000, 0x0000000090d00000, 0x0000000090e00000|  0%| F|  |TAMS 0x0000000090d00000, 0x0000000090d00000| Untracked 
| 192|0x0000000090e00000, 0x0000000090e00000, 0x0000000090f00000|  0%| F|  |TAMS 0x0000000090e00000, 0x0000000090e00000| Untracked 
| 193|0x0000000090f00000, 0x0000000090f00000, 0x0000000091000000|  0%| F|  |TAMS 0x0000000090f00000, 0x0000000090f00000| Untracked 
| 194|0x0000000091000000, 0x0000000091000000, 0x0000000091100000|  0%| F|  |TAMS 0x0000000091000000, 0x0000000091000000| Untracked 
| 195|0x0000000091100000, 0x0000000091100000, 0x0000000091200000|  0%| F|  |TAMS 0x0000000091100000, 0x0000000091100000| Untracked 
| 196|0x0000000091200000, 0x0000000091200000, 0x0000000091300000|  0%| F|  |TAMS 0x0000000091200000, 0x0000000091200000| Untracked 
| 197|0x0000000091300000, 0x0000000091300000, 0x0000000091400000|  0%| F|  |TAMS 0x0000000091300000, 0x0000000091300000| Untracked 
| 198|0x0000000091400000, 0x0000000091400000, 0x0000000091500000|  0%| F|  |TAMS 0x0000000091400000, 0x0000000091400000| Untracked 
| 199|0x0000000091500000, 0x0000000091500000, 0x0000000091600000|  0%| F|  |TAMS 0x0000000091500000, 0x0000000091500000| Untracked 
| 200|0x0000000091600000, 0x0000000091600000, 0x0000000091700000|  0%| F|  |TAMS 0x0000000091600000, 0x0000000091600000| Untracked 
| 201|0x0000000091700000, 0x0000000091700000, 0x0000000091800000|  0%| F|  |TAMS 0x0000000091700000, 0x0000000091700000| Untracked 
| 202|0x0000000091800000, 0x0000000091854ac8, 0x0000000091900000| 33%| S|CS|TAMS 0x0000000091800000, 0x0000000091800000| Complete 
| 203|0x0000000091900000, 0x0000000091a00000, 0x0000000091a00000|100%| S|CS|TAMS 0x0000000091900000, 0x0000000091900000| Complete 
| 204|0x0000000091a00000, 0x0000000091b00000, 0x0000000091b00000|100%| S|CS|TAMS 0x0000000091a00000, 0x0000000091a00000| Complete 
| 205|0x0000000091b00000, 0x0000000091c00000, 0x0000000091c00000|100%| S|CS|TAMS 0x0000000091b00000, 0x0000000091b00000| Complete 
| 206|0x0000000091c00000, 0x0000000091d00000, 0x0000000091d00000|100%| S|CS|TAMS 0x0000000091c00000, 0x0000000091c00000| Complete 
| 207|0x0000000091d00000, 0x0000000091e00000, 0x0000000091e00000|100%| S|CS|TAMS 0x0000000091d00000, 0x0000000091d00000| Complete 
| 208|0x0000000091e00000, 0x0000000091f00000, 0x0000000091f00000|100%| S|CS|TAMS 0x0000000091e00000, 0x0000000091e00000| Complete 
| 209|0x0000000091f00000, 0x0000000092000000, 0x0000000092000000|100%| S|CS|TAMS 0x0000000091f00000, 0x0000000091f00000| Complete 
| 210|0x0000000092000000, 0x0000000092100000, 0x0000000092100000|100%| S|CS|TAMS 0x0000000092000000, 0x0000000092000000| Complete 
| 211|0x0000000092100000, 0x0000000092200000, 0x0000000092200000|100%| S|CS|TAMS 0x0000000092100000, 0x0000000092100000| Complete 
| 212|0x0000000092200000, 0x0000000092200000, 0x0000000092300000|  0%| F|  |TAMS 0x0000000092200000, 0x0000000092200000| Untracked 
| 213|0x0000000092300000, 0x0000000092300000, 0x0000000092400000|  0%| F|  |TAMS 0x0000000092300000, 0x0000000092300000| Untracked 
| 214|0x0000000092400000, 0x0000000092400000, 0x0000000092500000|  0%| F|  |TAMS 0x0000000092400000, 0x0000000092400000| Untracked 
| 215|0x0000000092500000, 0x0000000092500000, 0x0000000092600000|  0%| F|  |TAMS 0x0000000092500000, 0x0000000092500000| Untracked 
| 216|0x0000000092600000, 0x0000000092600000, 0x0000000092700000|  0%| F|  |TAMS 0x0000000092600000, 0x0000000092600000| Untracked 
| 217|0x0000000092700000, 0x0000000092700000, 0x0000000092800000|  0%| F|  |TAMS 0x0000000092700000, 0x0000000092700000| Untracked 
| 218|0x0000000092800000, 0x0000000092800000, 0x0000000092900000|  0%| F|  |TAMS 0x0000000092800000, 0x0000000092800000| Untracked 
| 219|0x0000000092900000, 0x0000000092900000, 0x0000000092a00000|  0%| F|  |TAMS 0x0000000092900000, 0x0000000092900000| Untracked 
| 220|0x0000000092a00000, 0x0000000092a00000, 0x0000000092b00000|  0%| F|  |TAMS 0x0000000092a00000, 0x0000000092a00000| Untracked 
| 221|0x0000000092b00000, 0x0000000092b00000, 0x0000000092c00000|  0%| F|  |TAMS 0x0000000092b00000, 0x0000000092b00000| Untracked 
| 222|0x0000000092c00000, 0x0000000092c00000, 0x0000000092d00000|  0%| F|  |TAMS 0x0000000092c00000, 0x0000000092c00000| Untracked 
| 223|0x0000000092d00000, 0x0000000092d00000, 0x0000000092e00000|  0%| F|  |TAMS 0x0000000092d00000, 0x0000000092d00000| Untracked 
| 224|0x0000000092e00000, 0x0000000092e00000, 0x0000000092f00000|  0%| F|  |TAMS 0x0000000092e00000, 0x0000000092e00000| Untracked 
| 225|0x0000000092f00000, 0x0000000092f00000, 0x0000000093000000|  0%| F|  |TAMS 0x0000000092f00000, 0x0000000092f00000| Untracked 
| 226|0x0000000093000000, 0x0000000093000000, 0x0000000093100000|  0%| F|  |TAMS 0x0000000093000000, 0x0000000093000000| Untracked 
| 227|0x0000000093100000, 0x0000000093100000, 0x0000000093200000|  0%| F|  |TAMS 0x0000000093100000, 0x0000000093100000| Untracked 
| 228|0x0000000093200000, 0x0000000093200000, 0x0000000093300000|  0%| F|  |TAMS 0x0000000093200000, 0x0000000093200000| Untracked 
| 229|0x0000000093300000, 0x0000000093300000, 0x0000000093400000|  0%| F|  |TAMS 0x0000000093300000, 0x0000000093300000| Untracked 
| 230|0x0000000093400000, 0x0000000093400000, 0x0000000093500000|  0%| F|  |TAMS 0x0000000093400000, 0x0000000093400000| Untracked 
| 231|0x0000000093500000, 0x0000000093500000, 0x0000000093600000|  0%| F|  |TAMS 0x0000000093500000, 0x0000000093500000| Untracked 
| 232|0x0000000093600000, 0x0000000093600000, 0x0000000093700000|  0%| F|  |TAMS 0x0000000093600000, 0x0000000093600000| Untracked 
| 233|0x0000000093700000, 0x0000000093700000, 0x0000000093800000|  0%| F|  |TAMS 0x0000000093700000, 0x0000000093700000| Untracked 
| 234|0x0000000093800000, 0x0000000093800000, 0x0000000093900000|  0%| F|  |TAMS 0x0000000093800000, 0x0000000093800000| Untracked 
| 235|0x0000000093900000, 0x0000000093900000, 0x0000000093a00000|  0%| F|  |TAMS 0x0000000093900000, 0x0000000093900000| Untracked 
| 236|0x0000000093a00000, 0x0000000093a00000, 0x0000000093b00000|  0%| F|  |TAMS 0x0000000093a00000, 0x0000000093a00000| Untracked 
| 237|0x0000000093b00000, 0x0000000093b00000, 0x0000000093c00000|  0%| F|  |TAMS 0x0000000093b00000, 0x0000000093b00000| Untracked 
| 238|0x0000000093c00000, 0x0000000093c00000, 0x0000000093d00000|  0%| F|  |TAMS 0x0000000093c00000, 0x0000000093c00000| Untracked 
| 239|0x0000000093d00000, 0x0000000093d00000, 0x0000000093e00000|  0%| F|  |TAMS 0x0000000093d00000, 0x0000000093d00000| Untracked 
| 240|0x0000000093e00000, 0x0000000093e00000, 0x0000000093f00000|  0%| F|  |TAMS 0x0000000093e00000, 0x0000000093e00000| Untracked 
| 241|0x0000000093f00000, 0x0000000093f00000, 0x0000000094000000|  0%| F|  |TAMS 0x0000000093f00000, 0x0000000093f00000| Untracked 
| 242|0x0000000094000000, 0x0000000094000000, 0x0000000094100000|  0%| F|  |TAMS 0x0000000094000000, 0x0000000094000000| Untracked 
| 243|0x0000000094100000, 0x0000000094100000, 0x0000000094200000|  0%| F|  |TAMS 0x0000000094100000, 0x0000000094100000| Untracked 
| 244|0x0000000094200000, 0x0000000094200000, 0x0000000094300000|  0%| F|  |TAMS 0x0000000094200000, 0x0000000094200000| Untracked 
| 245|0x0000000094300000, 0x0000000094300000, 0x0000000094400000|  0%| F|  |TAMS 0x0000000094300000, 0x0000000094300000| Untracked 
| 246|0x0000000094400000, 0x0000000094400000, 0x0000000094500000|  0%| F|  |TAMS 0x0000000094400000, 0x0000000094400000| Untracked 
| 247|0x0000000094500000, 0x0000000094500000, 0x0000000094600000|  0%| F|  |TAMS 0x0000000094500000, 0x0000000094500000| Untracked 
| 248|0x0000000094600000, 0x0000000094600000, 0x0000000094700000|  0%| F|  |TAMS 0x0000000094600000, 0x0000000094600000| Untracked 
| 249|0x0000000094700000, 0x0000000094700000, 0x0000000094800000|  0%| F|  |TAMS 0x0000000094700000, 0x0000000094700000| Untracked 
| 250|0x0000000094800000, 0x0000000094800000, 0x0000000094900000|  0%| F|  |TAMS 0x0000000094800000, 0x0000000094800000| Untracked 
| 251|0x0000000094900000, 0x0000000094900000, 0x0000000094a00000|  0%| F|  |TAMS 0x0000000094900000, 0x0000000094900000| Untracked 
| 252|0x0000000094a00000, 0x0000000094a00000, 0x0000000094b00000|  0%| F|  |TAMS 0x0000000094a00000, 0x0000000094a00000| Untracked 
| 253|0x0000000094b00000, 0x0000000094b00000, 0x0000000094c00000|  0%| F|  |TAMS 0x0000000094b00000, 0x0000000094b00000| Untracked 
| 254|0x0000000094c00000, 0x0000000094c00000, 0x0000000094d00000|  0%| F|  |TAMS 0x0000000094c00000, 0x0000000094c00000| Untracked 
| 255|0x0000000094d00000, 0x0000000094d00000, 0x0000000094e00000|  0%| F|  |TAMS 0x0000000094d00000, 0x0000000094d00000| Untracked 
| 256|0x0000000094e00000, 0x0000000094e00000, 0x0000000094f00000|  0%| F|  |TAMS 0x0000000094e00000, 0x0000000094e00000| Untracked 
| 257|0x0000000094f00000, 0x0000000094f00000, 0x0000000095000000|  0%| F|  |TAMS 0x0000000094f00000, 0x0000000094f00000| Untracked 
| 258|0x0000000095000000, 0x0000000095000000, 0x0000000095100000|  0%| F|  |TAMS 0x0000000095000000, 0x0000000095000000| Untracked 
| 259|0x0000000095100000, 0x0000000095100000, 0x0000000095200000|  0%| F|  |TAMS 0x0000000095100000, 0x0000000095100000| Untracked 
| 260|0x0000000095200000, 0x0000000095200000, 0x0000000095300000|  0%| F|  |TAMS 0x0000000095200000, 0x0000000095200000| Untracked 
| 261|0x0000000095300000, 0x0000000095300000, 0x0000000095400000|  0%| F|  |TAMS 0x0000000095300000, 0x0000000095300000| Untracked 
| 262|0x0000000095400000, 0x0000000095400000, 0x0000000095500000|  0%| F|  |TAMS 0x0000000095400000, 0x0000000095400000| Untracked 
| 263|0x0000000095500000, 0x0000000095500000, 0x0000000095600000|  0%| F|  |TAMS 0x0000000095500000, 0x0000000095500000| Untracked 
| 264|0x0000000095600000, 0x0000000095600000, 0x0000000095700000|  0%| F|  |TAMS 0x0000000095600000, 0x0000000095600000| Untracked 
| 265|0x0000000095700000, 0x0000000095700000, 0x0000000095800000|  0%| F|  |TAMS 0x0000000095700000, 0x0000000095700000| Untracked 
| 266|0x0000000095800000, 0x0000000095800000, 0x0000000095900000|  0%| F|  |TAMS 0x0000000095800000, 0x0000000095800000| Untracked 
| 267|0x0000000095900000, 0x0000000095900000, 0x0000000095a00000|  0%| F|  |TAMS 0x0000000095900000, 0x0000000095900000| Untracked 
| 268|0x0000000095a00000, 0x0000000095a00000, 0x0000000095b00000|  0%| F|  |TAMS 0x0000000095a00000, 0x0000000095a00000| Untracked 
| 269|0x0000000095b00000, 0x0000000095b00000, 0x0000000095c00000|  0%| F|  |TAMS 0x0000000095b00000, 0x0000000095b00000| Untracked 
| 270|0x0000000095c00000, 0x0000000095c00000, 0x0000000095d00000|  0%| F|  |TAMS 0x0000000095c00000, 0x0000000095c00000| Untracked 
| 271|0x0000000095d00000, 0x0000000095d00000, 0x0000000095e00000|  0%| F|  |TAMS 0x0000000095d00000, 0x0000000095d00000| Untracked 
| 272|0x0000000095e00000, 0x0000000095e00000, 0x0000000095f00000|  0%| F|  |TAMS 0x0000000095e00000, 0x0000000095e00000| Untracked 
| 273|0x0000000095f00000, 0x0000000095f00000, 0x0000000096000000|  0%| F|  |TAMS 0x0000000095f00000, 0x0000000095f00000| Untracked 
| 274|0x0000000096000000, 0x0000000096000000, 0x0000000096100000|  0%| F|  |TAMS 0x0000000096000000, 0x0000000096000000| Untracked 
| 275|0x0000000096100000, 0x0000000096100000, 0x0000000096200000|  0%| F|  |TAMS 0x0000000096100000, 0x0000000096100000| Untracked 
| 276|0x0000000096200000, 0x0000000096200000, 0x0000000096300000|  0%| F|  |TAMS 0x0000000096200000, 0x0000000096200000| Untracked 
| 277|0x0000000096300000, 0x0000000096300000, 0x0000000096400000|  0%| F|  |TAMS 0x0000000096300000, 0x0000000096300000| Untracked 
| 278|0x0000000096400000, 0x0000000096400000, 0x0000000096500000|  0%| F|  |TAMS 0x0000000096400000, 0x0000000096400000| Untracked 
| 279|0x0000000096500000, 0x0000000096500000, 0x0000000096600000|  0%| F|  |TAMS 0x0000000096500000, 0x0000000096500000| Untracked 
| 280|0x0000000096600000, 0x0000000096600000, 0x0000000096700000|  0%| F|  |TAMS 0x0000000096600000, 0x0000000096600000| Untracked 
| 281|0x0000000096700000, 0x0000000096700000, 0x0000000096800000|  0%| F|  |TAMS 0x0000000096700000, 0x0000000096700000| Untracked 
| 282|0x0000000096800000, 0x0000000096800000, 0x0000000096900000|  0%| F|  |TAMS 0x0000000096800000, 0x0000000096800000| Untracked 
| 283|0x0000000096900000, 0x0000000096900000, 0x0000000096a00000|  0%| F|  |TAMS 0x0000000096900000, 0x0000000096900000| Untracked 
| 284|0x0000000096a00000, 0x0000000096a00000, 0x0000000096b00000|  0%| F|  |TAMS 0x0000000096a00000, 0x0000000096a00000| Untracked 
| 285|0x0000000096b00000, 0x0000000096b00000, 0x0000000096c00000|  0%| F|  |TAMS 0x0000000096b00000, 0x0000000096b00000| Untracked 
| 286|0x0000000096c00000, 0x0000000096c00000, 0x0000000096d00000|  0%| F|  |TAMS 0x0000000096c00000, 0x0000000096c00000| Untracked 
| 287|0x0000000096d00000, 0x0000000096d00000, 0x0000000096e00000|  0%| F|  |TAMS 0x0000000096d00000, 0x0000000096d00000| Untracked 
| 288|0x0000000096e00000, 0x0000000096e00000, 0x0000000096f00000|  0%| F|  |TAMS 0x0000000096e00000, 0x0000000096e00000| Untracked 
| 289|0x0000000096f00000, 0x0000000096f00000, 0x0000000097000000|  0%| F|  |TAMS 0x0000000096f00000, 0x0000000096f00000| Untracked 
| 290|0x0000000097000000, 0x0000000097000000, 0x0000000097100000|  0%| F|  |TAMS 0x0000000097000000, 0x0000000097000000| Untracked 
| 291|0x0000000097100000, 0x0000000097100000, 0x0000000097200000|  0%| F|  |TAMS 0x0000000097100000, 0x0000000097100000| Untracked 
| 292|0x0000000097200000, 0x0000000097200000, 0x0000000097300000|  0%| F|  |TAMS 0x0000000097200000, 0x0000000097200000| Untracked 
| 293|0x0000000097300000, 0x0000000097300000, 0x0000000097400000|  0%| F|  |TAMS 0x0000000097300000, 0x0000000097300000| Untracked 
| 294|0x0000000097400000, 0x0000000097400000, 0x0000000097500000|  0%| F|  |TAMS 0x0000000097400000, 0x0000000097400000| Untracked 
| 295|0x0000000097500000, 0x0000000097500000, 0x0000000097600000|  0%| F|  |TAMS 0x0000000097500000, 0x0000000097500000| Untracked 
| 296|0x0000000097600000, 0x0000000097600000, 0x0000000097700000|  0%| F|  |TAMS 0x0000000097600000, 0x0000000097600000| Untracked 
| 297|0x0000000097700000, 0x0000000097700000, 0x0000000097800000|  0%| F|  |TAMS 0x0000000097700000, 0x0000000097700000| Untracked 
| 298|0x0000000097800000, 0x0000000097800000, 0x0000000097900000|  0%| F|  |TAMS 0x0000000097800000, 0x0000000097800000| Untracked 
| 299|0x0000000097900000, 0x0000000097900000, 0x0000000097a00000|  0%| F|  |TAMS 0x0000000097900000, 0x0000000097900000| Untracked 
| 300|0x0000000097a00000, 0x0000000097a00000, 0x0000000097b00000|  0%| F|  |TAMS 0x0000000097a00000, 0x0000000097a00000| Untracked 
| 301|0x0000000097b00000, 0x0000000097b00000, 0x0000000097c00000|  0%| F|  |TAMS 0x0000000097b00000, 0x0000000097b00000| Untracked 
| 302|0x0000000097c00000, 0x0000000097c00000, 0x0000000097d00000|  0%| F|  |TAMS 0x0000000097c00000, 0x0000000097c00000| Untracked 
| 303|0x0000000097d00000, 0x0000000097d00000, 0x0000000097e00000|  0%| F|  |TAMS 0x0000000097d00000, 0x0000000097d00000| Untracked 
| 304|0x0000000097e00000, 0x0000000097e00000, 0x0000000097f00000|  0%| F|  |TAMS 0x0000000097e00000, 0x0000000097e00000| Untracked 
| 305|0x0000000097f00000, 0x0000000097f00000, 0x0000000098000000|  0%| F|  |TAMS 0x0000000097f00000, 0x0000000097f00000| Untracked 
| 306|0x0000000098000000, 0x0000000098000000, 0x0000000098100000|  0%| F|  |TAMS 0x0000000098000000, 0x0000000098000000| Untracked 
| 307|0x0000000098100000, 0x0000000098100000, 0x0000000098200000|  0%| F|  |TAMS 0x0000000098100000, 0x0000000098100000| Untracked 
| 308|0x0000000098200000, 0x0000000098200000, 0x0000000098300000|  0%| F|  |TAMS 0x0000000098200000, 0x0000000098200000| Untracked 
| 309|0x0000000098300000, 0x0000000098300000, 0x0000000098400000|  0%| F|  |TAMS 0x0000000098300000, 0x0000000098300000| Untracked 
| 310|0x0000000098400000, 0x0000000098400000, 0x0000000098500000|  0%| F|  |TAMS 0x0000000098400000, 0x0000000098400000| Untracked 
| 311|0x0000000098500000, 0x0000000098500000, 0x0000000098600000|  0%| F|  |TAMS 0x0000000098500000, 0x0000000098500000| Untracked 
| 312|0x0000000098600000, 0x0000000098600000, 0x0000000098700000|  0%| F|  |TAMS 0x0000000098600000, 0x0000000098600000| Untracked 
| 313|0x0000000098700000, 0x0000000098700000, 0x0000000098800000|  0%| F|  |TAMS 0x0000000098700000, 0x0000000098700000| Untracked 
| 314|0x0000000098800000, 0x0000000098800000, 0x0000000098900000|  0%| F|  |TAMS 0x0000000098800000, 0x0000000098800000| Untracked 
| 315|0x0000000098900000, 0x0000000098900000, 0x0000000098a00000|  0%| F|  |TAMS 0x0000000098900000, 0x0000000098900000| Untracked 
| 316|0x0000000098a00000, 0x0000000098a00000, 0x0000000098b00000|  0%| F|  |TAMS 0x0000000098a00000, 0x0000000098a00000| Untracked 
| 317|0x0000000098b00000, 0x0000000098b00000, 0x0000000098c00000|  0%| F|  |TAMS 0x0000000098b00000, 0x0000000098b00000| Untracked 
| 318|0x0000000098c00000, 0x0000000098c00000, 0x0000000098d00000|  0%| F|  |TAMS 0x0000000098c00000, 0x0000000098c00000| Untracked 
| 319|0x0000000098d00000, 0x0000000098d00000, 0x0000000098e00000|  0%| F|  |TAMS 0x0000000098d00000, 0x0000000098d00000| Untracked 
| 320|0x0000000098e00000, 0x0000000098e00000, 0x0000000098f00000|  0%| F|  |TAMS 0x0000000098e00000, 0x0000000098e00000| Untracked 
| 321|0x0000000098f00000, 0x0000000098f00000, 0x0000000099000000|  0%| F|  |TAMS 0x0000000098f00000, 0x0000000098f00000| Untracked 
| 322|0x0000000099000000, 0x0000000099000000, 0x0000000099100000|  0%| F|  |TAMS 0x0000000099000000, 0x0000000099000000| Untracked 
| 323|0x0000000099100000, 0x0000000099100000, 0x0000000099200000|  0%| F|  |TAMS 0x0000000099100000, 0x0000000099100000| Untracked 
| 324|0x0000000099200000, 0x0000000099200000, 0x0000000099300000|  0%| F|  |TAMS 0x0000000099200000, 0x0000000099200000| Untracked 
| 325|0x0000000099300000, 0x0000000099300000, 0x0000000099400000|  0%| F|  |TAMS 0x0000000099300000, 0x0000000099300000| Untracked 
| 326|0x0000000099400000, 0x0000000099400000, 0x0000000099500000|  0%| F|  |TAMS 0x0000000099400000, 0x0000000099400000| Untracked 
| 327|0x0000000099500000, 0x0000000099500000, 0x0000000099600000|  0%| F|  |TAMS 0x0000000099500000, 0x0000000099500000| Untracked 
| 328|0x0000000099600000, 0x0000000099600000, 0x0000000099700000|  0%| F|  |TAMS 0x0000000099600000, 0x0000000099600000| Untracked 
| 329|0x0000000099700000, 0x0000000099700000, 0x0000000099800000|  0%| F|  |TAMS 0x0000000099700000, 0x0000000099700000| Untracked 
| 330|0x0000000099800000, 0x0000000099800000, 0x0000000099900000|  0%| F|  |TAMS 0x0000000099800000, 0x0000000099800000| Untracked 
| 331|0x0000000099900000, 0x0000000099900000, 0x0000000099a00000|  0%| F|  |TAMS 0x0000000099900000, 0x0000000099900000| Untracked 
| 332|0x0000000099a00000, 0x0000000099a00000, 0x0000000099b00000|  0%| F|  |TAMS 0x0000000099a00000, 0x0000000099a00000| Untracked 
| 333|0x0000000099b00000, 0x0000000099b00000, 0x0000000099c00000|  0%| F|  |TAMS 0x0000000099b00000, 0x0000000099b00000| Untracked 
| 334|0x0000000099c00000, 0x0000000099c00000, 0x0000000099d00000|  0%| F|  |TAMS 0x0000000099c00000, 0x0000000099c00000| Untracked 
| 335|0x0000000099d00000, 0x0000000099d00000, 0x0000000099e00000|  0%| F|  |TAMS 0x0000000099d00000, 0x0000000099d00000| Untracked 
| 336|0x0000000099e00000, 0x0000000099e00000, 0x0000000099f00000|  0%| F|  |TAMS 0x0000000099e00000, 0x0000000099e00000| Untracked 
| 337|0x0000000099f00000, 0x0000000099f00000, 0x000000009a000000|  0%| F|  |TAMS 0x0000000099f00000, 0x0000000099f00000| Untracked 
| 338|0x000000009a000000, 0x000000009a000000, 0x000000009a100000|  0%| F|  |TAMS 0x000000009a000000, 0x000000009a000000| Untracked 
| 339|0x000000009a100000, 0x000000009a100000, 0x000000009a200000|  0%| F|  |TAMS 0x000000009a100000, 0x000000009a100000| Untracked 
| 340|0x000000009a200000, 0x000000009a200000, 0x000000009a300000|  0%| F|  |TAMS 0x000000009a200000, 0x000000009a200000| Untracked 
| 341|0x000000009a300000, 0x000000009a300000, 0x000000009a400000|  0%| F|  |TAMS 0x000000009a300000, 0x000000009a300000| Untracked 
| 342|0x000000009a400000, 0x000000009a400000, 0x000000009a500000|  0%| F|  |TAMS 0x000000009a400000, 0x000000009a400000| Untracked 
| 343|0x000000009a500000, 0x000000009a500000, 0x000000009a600000|  0%| F|  |TAMS 0x000000009a500000, 0x000000009a500000| Untracked 
| 344|0x000000009a600000, 0x000000009a660bc8, 0x000000009a700000| 37%| E|  |TAMS 0x000000009a600000, 0x000000009a600000| Complete 
| 345|0x000000009a700000, 0x000000009a800000, 0x000000009a800000|100%| E|CS|TAMS 0x000000009a700000, 0x000000009a700000| Complete 
| 346|0x000000009a800000, 0x000000009a900000, 0x000000009a900000|100%| E|CS|TAMS 0x000000009a800000, 0x000000009a800000| Complete 
| 347|0x000000009a900000, 0x000000009aa00000, 0x000000009aa00000|100%| E|CS|TAMS 0x000000009a900000, 0x000000009a900000| Complete 
| 348|0x000000009aa00000, 0x000000009ab00000, 0x000000009ab00000|100%| E|CS|TAMS 0x000000009aa00000, 0x000000009aa00000| Complete 
| 349|0x000000009ab00000, 0x000000009ac00000, 0x000000009ac00000|100%| E|CS|TAMS 0x000000009ab00000, 0x000000009ab00000| Complete 
| 350|0x000000009ac00000, 0x000000009ad00000, 0x000000009ad00000|100%| E|CS|TAMS 0x000000009ac00000, 0x000000009ac00000| Complete 
| 351|0x000000009ad00000, 0x000000009ae00000, 0x000000009ae00000|100%| E|CS|TAMS 0x000000009ad00000, 0x000000009ad00000| Complete 
| 352|0x000000009ae00000, 0x000000009af00000, 0x000000009af00000|100%| E|CS|TAMS 0x000000009ae00000, 0x000000009ae00000| Complete 
| 353|0x000000009af00000, 0x000000009b000000, 0x000000009b000000|100%| E|CS|TAMS 0x000000009af00000, 0x000000009af00000| Complete 
| 354|0x000000009b000000, 0x000000009b100000, 0x000000009b100000|100%| E|CS|TAMS 0x000000009b000000, 0x000000009b000000| Complete 
| 355|0x000000009b100000, 0x000000009b200000, 0x000000009b200000|100%| E|CS|TAMS 0x000000009b100000, 0x000000009b100000| Complete 
| 356|0x000000009b200000, 0x000000009b300000, 0x000000009b300000|100%| E|CS|TAMS 0x000000009b200000, 0x000000009b200000| Complete 
| 357|0x000000009b300000, 0x000000009b400000, 0x000000009b400000|100%| E|CS|TAMS 0x000000009b300000, 0x000000009b300000| Complete 
| 358|0x000000009b400000, 0x000000009b500000, 0x000000009b500000|100%| E|CS|TAMS 0x000000009b400000, 0x000000009b400000| Complete 
| 359|0x000000009b500000, 0x000000009b600000, 0x000000009b600000|100%| E|CS|TAMS 0x000000009b500000, 0x000000009b500000| Complete 
| 360|0x000000009b600000, 0x000000009b700000, 0x000000009b700000|100%| E|CS|TAMS 0x000000009b600000, 0x000000009b600000| Complete 
| 361|0x000000009b700000, 0x000000009b800000, 0x000000009b800000|100%| E|CS|TAMS 0x000000009b700000, 0x000000009b700000| Complete 
| 362|0x000000009b800000, 0x000000009b900000, 0x000000009b900000|100%| E|CS|TAMS 0x000000009b800000, 0x000000009b800000| Complete 
| 363|0x000000009b900000, 0x000000009ba00000, 0x000000009ba00000|100%| E|CS|TAMS 0x000000009b900000, 0x000000009b900000| Complete 
| 364|0x000000009ba00000, 0x000000009bb00000, 0x000000009bb00000|100%| E|CS|TAMS 0x000000009ba00000, 0x000000009ba00000| Complete 
| 365|0x000000009bb00000, 0x000000009bc00000, 0x000000009bc00000|100%| E|CS|TAMS 0x000000009bb00000, 0x000000009bb00000| Complete 
| 366|0x000000009bc00000, 0x000000009bd00000, 0x000000009bd00000|100%| E|CS|TAMS 0x000000009bc00000, 0x000000009bc00000| Complete 
| 367|0x000000009bd00000, 0x000000009be00000, 0x000000009be00000|100%| E|CS|TAMS 0x000000009bd00000, 0x000000009bd00000| Complete 

Card table byte_map: [0x00000114fdb90000,0x00000114fdf70000] _byte_map_base: 0x00000114fd769000

Marking Bits (Prev, Next): (CMBitMap*) 0x00000114ead2c940, (CMBitMap*) 0x00000114ead2c980
 Prev Bits: [0x0000011480000000, 0x0000011481ec8000)
 Next Bits: [0x0000011481ed0000, 0x0000011483d98000)

Polling page: 0x00000114ea480000

Metaspace:

Usage:
  Non-class:     86.18 MB used.
      Class:     13.50 MB used.
       Both:     99.68 MB used.

Virtual space:
  Non-class space:       88.00 MB reserved,      86.56 MB ( 98%) committed,  11 nodes.
      Class space:        1.00 GB reserved,      13.81 MB (  1%) committed,  1 nodes.
             Both:        1.09 GB reserved,     100.38 MB (  9%) committed. 

Chunk freelists:
   Non-Class:  1.25 MB
       Class:  2.03 MB
        Both:  3.28 MB

MaxMetaspaceSize: unlimited
CompressedClassSpaceSize: 1.00 GB
Initial GC threshold: 21.00 MB
Current GC threshold: 161.69 MB
CDS: off
MetaspaceReclaimPolicy: balanced
 - commit_granule_bytes: 65536.
 - commit_granule_words: 8192.
 - virtual_space_node_default_size: 1048576.
 - enlarge_chunks_in_place: 1.
 - new_chunks_are_fully_committed: 0.
 - uncommit_free_chunks: 1.
 - use_allocation_guard: 0.
 - handle_deallocations: 1.


Internal statistics:

num_allocs_failed_limit: 6.
num_arena_births: 924.
num_arena_deaths: 0.
num_vsnodes_births: 12.
num_vsnodes_deaths: 0.
num_space_committed: 1606.
num_space_uncommitted: 0.
num_chunks_returned_to_freelist: 6.
num_chunks_taken_from_freelist: 4254.
num_chunk_merges: 0.
num_chunk_splits: 3057.
num_chunks_enlarged: 2403.
num_purges: 0.
num_inconsistent_stats: 0.

CodeHeap 'non-profiled nmethods': size=120000Kb used=4779Kb max_used=4800Kb free=115220Kb
 bounds [0x00000114f5f40000, 0x00000114f6400000, 0x00000114fd470000]
CodeHeap 'profiled nmethods': size=120000Kb used=15747Kb max_used=16008Kb free=104252Kb
 bounds [0x00000114eea10000, 0x00000114efa50000, 0x00000114f5f40000]
CodeHeap 'non-nmethods': size=5760Kb used=1408Kb max_used=1478Kb free=4351Kb
 bounds [0x00000114ee470000, 0x00000114ee6e0000, 0x00000114eea10000]
 total_blobs=9001 nmethods=8255 adapters=657
 compilation: enabled
              stopped_count=0, restarted_count=0
 full_count=0

Compilation events (20 events):
Event: 42.593 Thread 0x0000011488820260 nmethod 9054 0x00000114f5fd6890 code [0x00000114f5fd6a00, 0x00000114f5fd6a98]
Event: 42.593 Thread 0x0000011488820260 8531       4       com.fasterxml.jackson.core.sym.ByteQuadsCanonicalizer::calcHash (86 bytes)
Event: 42.596 Thread 0x0000011488820260 nmethod 8531 0x00000114f5fd6590 code [0x00000114f5fd6700, 0x00000114f5fd67d8]
Event: 42.597 Thread 0x0000011488820260 9668       4       org.springframework.beans.factory.config.BeanPostProcessor::postProcessAfterInitialization (2 bytes)
Event: 42.598 Thread 0x0000011488820260 nmethod 9668 0x00000114f6166c10 code [0x00000114f6166d80, 0x00000114f6166df8]
Event: 42.598 Thread 0x0000011488820260 8444       4       jdk.internal.misc.Unsafe::putLongRelease (9 bytes)
Event: 42.600 Thread 0x0000011488820260 nmethod 8444 0x00000114f6166910 code [0x00000114f6166a80, 0x00000114f6166b18]
Event: 42.600 Thread 0x0000011488820260 8334       4       org.springframework.data.jpa.repository.query.HqlParser::getATN (4 bytes)
Event: 42.602 Thread 0x0000011488820260 nmethod 8334 0x00000114f6166610 code [0x00000114f6166780, 0x00000114f61667f8]
Event: 42.602 Thread 0x0000011488820260 8460       4       com.fasterxml.jackson.databind.AnnotationIntrospector::_findAnnotation (6 bytes)
Event: 42.604 Thread 0x0000011488820260 nmethod 8460 0x00000114f6166310 code [0x00000114f6166480, 0x00000114f6166518]
Event: 42.605 Thread 0x0000011488820260 9552       4       java.lang.StringBuilder::substring (6 bytes)
Event: 42.614 Thread 0x0000011488820260 nmethod 9552 0x00000114f6165a10 code [0x00000114f6165ba0, 0x00000114f6166078]
Event: 42.614 Thread 0x0000011488820260 9553       4       java.lang.AbstractStringBuilder::substring (10 bytes)
Event: 42.625 Thread 0x0000011488820260 nmethod 9553 0x00000114f6165090 code [0x00000114f6165220, 0x00000114f6165758]
Event: 42.626 Thread 0x0000011488820260 8126       4       org.antlr.v4.runtime.atn.PredictionContextCache::get (14 bytes)
Event: 42.631 Thread 0x0000011488820260 nmethod 8126 0x00000114f6164a10 code [0x00000114f6164ba0, 0x00000114f6164e38]
Event: 42.631 Thread 0x0000011488820260 7017       4       java.lang.Character::getType (9 bytes)
Event: 42.634 Thread 0x0000011488820260 nmethod 7017 0x00000114f6164510 code [0x00000114f61646a0, 0x00000114f6164798]
Event: 42.661 Thread 0x00000114ff8491d0 nmethod 9504 0x00000114f60d0590 code [0x00000114f60d0860, 0x00000114f60d2e90]

GC Heap History (20 events):
Event: 30.654 GC heap before
{Heap before GC invocations=48 (full 0):
 garbage-first heap   total 99328K, used 53374K [0x0000000084e00000, 0x0000000100000000)
  region size 1024K, 4 young (4096K), 3 survivors (3072K)
 Metaspace       used 85773K, committed 86272K, reserved 1130496K
  class space    used 11654K, committed 11904K, reserved 1048576K
}
Event: 30.659 GC heap after
{Heap after GC invocations=49 (full 0):
 garbage-first heap   total 134144K, used 52180K [0x0000000084e00000, 0x0000000100000000)
  region size 1024K, 1 young (1024K), 1 survivors (1024K)
 Metaspace       used 85773K, committed 86272K, reserved 1130496K
  class space    used 11654K, committed 11904K, reserved 1048576K
}
Event: 31.185 GC heap before
{Heap before GC invocations=49 (full 0):
 garbage-first heap   total 134144K, used 98260K [0x0000000084e00000, 0x0000000100000000)
  region size 1024K, 46 young (47104K), 1 survivors (1024K)
 Metaspace       used 86236K, committed 86784K, reserved 1130496K
  class space    used 11732K, committed 11968K, reserved 1048576K
}
Event: 31.188 GC heap after
{Heap after GC invocations=50 (full 0):
 garbage-first heap   total 134144K, used 53343K [0x0000000084e00000, 0x0000000100000000)
  region size 1024K, 2 young (2048K), 2 survivors (2048K)
 Metaspace       used 86236K, committed 86784K, reserved 1130496K
  class space    used 11732K, committed 11968K, reserved 1048576K
}
Event: 31.503 GC heap before
{Heap before GC invocations=50 (full 0):
 garbage-first heap   total 134144K, used 100447K [0x0000000084e00000, 0x0000000100000000)
  region size 1024K, 48 young (49152K), 2 survivors (2048K)
 Metaspace       used 86550K, committed 87040K, reserved 1130496K
  class space    used 11755K, committed 11968K, reserved 1048576K
}
Event: 31.507 GC heap after
{Heap after GC invocations=51 (full 0):
 garbage-first heap   total 134144K, used 54070K [0x0000000084e00000, 0x0000000100000000)
  region size 1024K, 3 young (3072K), 3 survivors (3072K)
 Metaspace       used 86550K, committed 87040K, reserved 1130496K
  class space    used 11755K, committed 11968K, reserved 1048576K
}
Event: 33.185 GC heap before
{Heap before GC invocations=51 (full 0):
 garbage-first heap   total 134144K, used 105270K [0x0000000084e00000, 0x0000000100000000)
  region size 1024K, 53 young (54272K), 3 survivors (3072K)
 Metaspace       used 89459K, committed 90048K, reserved 1130496K
  class space    used 12161K, committed 12416K, reserved 1048576K
}
Event: 33.192 GC heap after
{Heap after GC invocations=52 (full 0):
 garbage-first heap   total 134144K, used 55920K [0x0000000084e00000, 0x0000000100000000)
  region size 1024K, 5 young (5120K), 5 survivors (5120K)
 Metaspace       used 89459K, committed 90048K, reserved 1130496K
  class space    used 12161K, committed 12416K, reserved 1048576K
}
Event: 36.859 GC heap before
{Heap before GC invocations=52 (full 0):
 garbage-first heap   total 134144K, used 108144K [0x0000000084e00000, 0x0000000100000000)
  region size 1024K, 56 young (57344K), 5 survivors (5120K)
 Metaspace       used 97552K, committed 98112K, reserved 1138688K
  class space    used 13251K, committed 13504K, reserved 1048576K
}
Event: 36.873 GC heap after
{Heap after GC invocations=53 (full 0):
 garbage-first heap   total 134144K, used 61846K [0x0000000084e00000, 0x0000000100000000)
  region size 1024K, 7 young (7168K), 7 survivors (7168K)
 Metaspace       used 97552K, committed 98112K, reserved 1138688K
  class space    used 13251K, committed 13504K, reserved 1048576K
}
Event: 37.787 GC heap before
{Heap before GC invocations=53 (full 0):
 garbage-first heap   total 134144K, used 106902K [0x0000000084e00000, 0x0000000100000000)
  region size 1024K, 51 young (52224K), 7 survivors (7168K)
 Metaspace       used 98586K, committed 99136K, reserved 1138688K
  class space    used 13353K, committed 13632K, reserved 1048576K
}
Event: 37.803 GC heap after
{Heap after GC invocations=54 (full 0):
 garbage-first heap   total 134144K, used 72756K [0x0000000084e00000, 0x0000000100000000)
  region size 1024K, 7 young (7168K), 7 survivors (7168K)
 Metaspace       used 98586K, committed 99136K, reserved 1138688K
  class space    used 13353K, committed 13632K, reserved 1048576K
}
Event: 38.041 GC heap before
{Heap before GC invocations=54 (full 0):
 garbage-first heap   total 134144K, used 96308K [0x0000000084e00000, 0x0000000100000000)
  region size 1024K, 32 young (32768K), 7 survivors (7168K)
 Metaspace       used 98755K, committed 99328K, reserved 1138688K
  class space    used 13368K, committed 13632K, reserved 1048576K
}
Event: 38.052 GC heap after
{Heap after GC invocations=55 (full 0):
 garbage-first heap   total 134144K, used 79034K [0x0000000084e00000, 0x0000000100000000)
  region size 1024K, 5 young (5120K), 5 survivors (5120K)
 Metaspace       used 98755K, committed 99328K, reserved 1138688K
  class space    used 13368K, committed 13632K, reserved 1048576K
}
Event: 38.258 GC heap before
{Heap before GC invocations=56 (full 0):
 garbage-first heap   total 158720K, used 103610K [0x0000000084e00000, 0x0000000100000000)
  region size 1024K, 30 young (30720K), 5 survivors (5120K)
 Metaspace       used 98776K, committed 99328K, reserved 1138688K
  class space    used 13368K, committed 13632K, reserved 1048576K
}
Event: 38.268 GC heap after
{Heap after GC invocations=57 (full 0):
 garbage-first heap   total 158720K, used 83154K [0x0000000084e00000, 0x0000000100000000)
  region size 1024K, 4 young (4096K), 4 survivors (4096K)
 Metaspace       used 98776K, committed 99328K, reserved 1138688K
  class space    used 13368K, committed 13632K, reserved 1048576K
}
Event: 38.292 GC heap before
{Heap before GC invocations=57 (full 0):
 garbage-first heap   total 158720K, used 86226K [0x0000000084e00000, 0x0000000100000000)
  region size 1024K, 7 young (7168K), 4 survivors (4096K)
 Metaspace       used 98780K, committed 99328K, reserved 1138688K
  class space    used 13368K, committed 13632K, reserved 1048576K
}
Event: 38.302 GC heap after
{Heap after GC invocations=58 (full 0):
 garbage-first heap   total 376832K, used 78848K [0x0000000084e00000, 0x0000000100000000)
  region size 1024K, 1 young (1024K), 1 survivors (1024K)
 Metaspace       used 98780K, committed 99328K, reserved 1138688K
  class space    used 13368K, committed 13632K, reserved 1048576K
}
Event: 39.886 GC heap before
{Heap before GC invocations=58 (full 0):
 garbage-first heap   total 376832K, used 239616K [0x0000000084e00000, 0x0000000100000000)
  region size 1024K, 157 young (160768K), 1 survivors (1024K)
 Metaspace       used 99388K, committed 99968K, reserved 1138688K
  class space    used 13425K, committed 13696K, reserved 1048576K
}
Event: 39.901 GC heap after
{Heap after GC invocations=59 (full 0):
 garbage-first heap   total 376832K, used 87378K [0x0000000084e00000, 0x0000000100000000)
  region size 1024K, 10 young (10240K), 10 survivors (10240K)
 Metaspace       used 99388K, committed 99968K, reserved 1138688K
  class space    used 13425K, committed 13696K, reserved 1048576K
}

Dll operation events (4 events):
Event: 0.036 Loaded shared library C:\Users\david\.jdks\jbr-17.0.5\bin\java.dll
Event: 0.151 Loaded shared library C:\Users\david\.jdks\jbr-17.0.5\bin\jsvml.dll
Event: 0.873 Loaded shared library C:\Users\david\.jdks\jbr-17.0.5\bin\zip.dll
Event: 13.808 Loaded shared library C:\Users\david\.jdks\jbr-17.0.5\bin\verify.dll

Deoptimization events (20 events):
Event: 41.386 Thread 0x0000011491cf5510 Uncommon trap: trap_request=0xffffffbe fr.pc=0x00000114f62addbc relative=0x000000000000039c
Event: 41.386 Thread 0x0000011491cf5510 Uncommon trap: reason=profile_predicate action=maybe_recompile pc=0x00000114f62addbc method=java.util.regex.Pattern$Slice.match(Ljava/util/regex/Matcher;ILjava/lang/CharSequence;)Z @ 18 c2
Event: 41.386 Thread 0x0000011491cf5510 DEOPT PACKING pc=0x00000114f62addbc sp=0x00000001579fc8c0
Event: 41.386 Thread 0x0000011491cf5510 DEOPT UNPACKING pc=0x00000114ee4c23a3 sp=0x00000001579fc850 mode 2
Event: 41.386 Thread 0x0000011491cf5510 Uncommon trap: trap_request=0xffffffbe fr.pc=0x00000114f62addbc relative=0x000000000000039c
Event: 41.386 Thread 0x0000011491cf5510 Uncommon trap: reason=profile_predicate action=maybe_recompile pc=0x00000114f62addbc method=java.util.regex.Pattern$Slice.match(Ljava/util/regex/Matcher;ILjava/lang/CharSequence;)Z @ 18 c2
Event: 41.386 Thread 0x0000011491cf5510 DEOPT PACKING pc=0x00000114f62addbc sp=0x00000001579fc8c0
Event: 41.386 Thread 0x0000011491cf5510 DEOPT UNPACKING pc=0x00000114ee4c23a3 sp=0x00000001579fc850 mode 2
Event: 41.390 Thread 0x0000011491cf5510 Uncommon trap: trap_request=0xffffffc6 fr.pc=0x00000114f63ec580 relative=0x00000000000000e0
Event: 41.390 Thread 0x0000011491cf5510 Uncommon trap: reason=bimorphic_or_optimized_type_check action=maybe_recompile pc=0x00000114f63ec580 method=java.util.Collections$2.tryAdvance(Ljava/util/function/Consumer;)Z @ 29 c2
Event: 41.390 Thread 0x0000011491cf5510 DEOPT PACKING pc=0x00000114f63ec580 sp=0x00000001579fcc70
Event: 41.390 Thread 0x0000011491cf5510 DEOPT UNPACKING pc=0x00000114ee4c23a3 sp=0x00000001579fcba0 mode 2
Event: 41.780 Thread 0x0000011491cf5510 Uncommon trap: trap_request=0xffffffc6 fr.pc=0x00000114f63ec580 relative=0x00000000000000e0
Event: 41.780 Thread 0x0000011491cf5510 Uncommon trap: reason=bimorphic_or_optimized_type_check action=maybe_recompile pc=0x00000114f63ec580 method=java.util.Collections$2.tryAdvance(Ljava/util/function/Consumer;)Z @ 29 c2
Event: 41.780 Thread 0x0000011491cf5510 DEOPT PACKING pc=0x00000114f63ec580 sp=0x00000001579fcdc0
Event: 41.780 Thread 0x0000011491cf5510 DEOPT UNPACKING pc=0x00000114ee4c23a3 sp=0x00000001579fccf0 mode 2
Event: 41.781 Thread 0x0000011491cf5510 Uncommon trap: trap_request=0xffffffc6 fr.pc=0x00000114f63ec108 relative=0x00000000000000e8
Event: 41.781 Thread 0x0000011491cf5510 Uncommon trap: reason=bimorphic_or_optimized_type_check action=maybe_recompile pc=0x00000114f63ec108 method=java.util.Collections$2.tryAdvance(Ljava/util/function/Consumer;)Z @ 29 c2
Event: 41.781 Thread 0x0000011491cf5510 DEOPT PACKING pc=0x00000114f63ec108 sp=0x00000001579fcbe0
Event: 41.781 Thread 0x0000011491cf5510 DEOPT UNPACKING pc=0x00000114ee4c23a3 sp=0x00000001579fcb88 mode 2

Classes unloaded (0 events):
No events

Classes redefined (0 events):
No events

Internal exceptions (20 events):
Event: 39.071 Thread 0x0000011486425000 Exception <a 'sun/nio/fs/WindowsException'{0x0000000095f49f98}> (0x0000000095f49f98) 
thrown [s\src\hotspot\share\prims\jni.cpp, line 517]
Event: 39.071 Thread 0x0000011486425000 Exception <a 'sun/nio/fs/WindowsException'{0x0000000095f4a368}> (0x0000000095f4a368) 
thrown [s\src\hotspot\share\prims\jni.cpp, line 517]
Event: 39.071 Thread 0x0000011486425000 Exception <a 'sun/nio/fs/WindowsException'{0x0000000095f4ad68}> (0x0000000095f4ad68) 
thrown [s\src\hotspot\share\prims\jni.cpp, line 517]
Event: 39.071 Thread 0x0000011486425000 Exception <a 'sun/nio/fs/WindowsException'{0x0000000095f4b128}> (0x0000000095f4b128) 
thrown [s\src\hotspot\share\prims\jni.cpp, line 517]
Event: 39.071 Thread 0x0000011486425000 Exception <a 'sun/nio/fs/WindowsException'{0x0000000095f4bb30}> (0x0000000095f4bb30) 
thrown [s\src\hotspot\share\prims\jni.cpp, line 517]
Event: 39.072 Thread 0x0000011486425000 Exception <a 'sun/nio/fs/WindowsException'{0x0000000095f4bf00}> (0x0000000095f4bf00) 
thrown [s\src\hotspot\share\prims\jni.cpp, line 517]
Event: 39.072 Thread 0x0000011486425000 Exception <a 'sun/nio/fs/WindowsException'{0x0000000095f4c928}> (0x0000000095f4c928) 
thrown [s\src\hotspot\share\prims\jni.cpp, line 517]
Event: 39.072 Thread 0x0000011486425000 Exception <a 'sun/nio/fs/WindowsException'{0x0000000095f4cd18}> (0x0000000095f4cd18) 
thrown [s\src\hotspot\share\prims\jni.cpp, line 517]
Event: 39.072 Thread 0x0000011486425000 Exception <a 'sun/nio/fs/WindowsException'{0x0000000095f4d750}> (0x0000000095f4d750) 
thrown [s\src\hotspot\share\prims\jni.cpp, line 517]
Event: 39.072 Thread 0x0000011486425000 Exception <a 'sun/nio/fs/WindowsException'{0x0000000095f4db58}> (0x0000000095f4db58) 
thrown [s\src\hotspot\share\prims\jni.cpp, line 517]
Event: 39.072 Thread 0x0000011486425000 Exception <a 'sun/nio/fs/WindowsException'{0x0000000095f4e588}> (0x0000000095f4e588) 
thrown [s\src\hotspot\share\prims\jni.cpp, line 517]
Event: 39.073 Thread 0x0000011486425000 Exception <a 'sun/nio/fs/WindowsException'{0x0000000095f4e988}> (0x0000000095f4e988) 
thrown [s\src\hotspot\share\prims\jni.cpp, line 517]
Event: 40.154 Thread 0x00000114865ac8a0 Implicit null exception at 0x00000114f60be35a to 0x00000114f60be588
Event: 41.155 Thread 0x00000114865ac8a0 Exception <a 'java/lang/NoSuchMethodError'{0x000000009b317d18}: 'java.lang.Object java.lang.invoke.DirectMethodHandle$Holder.newInvokeSpecial(java.lang.Object, java.lang.Object, int, java.lang.Object, java.lang.Object)'> (0x000000009b317d18) 
thrown [s\src\hotspot\share\interpreter\linkResolver.cpp, line 771]
Event: 41.157 Thread 0x00000114865ac8a0 Exception <a 'java/lang/NoSuchMethodError'{0x000000009b322fb0}: 'java.lang.Object java.lang.invoke.DirectMethodHandle$Holder.invokeSpecial(java.lang.Object, java.lang.Object, int, java.lang.Object, int, java.lang.Object)'> (0x000000009b322fb0) 
thrown [s\src\hotspot\share\interpreter\linkResolver.cpp, line 771]
Event: 41.158 Thread 0x00000114865ac8a0 Exception <a 'java/lang/NoSuchMethodError'{0x000000009b32afd0}: 'java.lang.Object java.lang.invoke.DirectMethodHandle$Holder.newInvokeSpecial(java.lang.Object, java.lang.Object, int, java.lang.Object, int)'> (0x000000009b32afd0) 
thrown [s\src\hotspot\share\interpreter\linkResolver.cpp, line 771]
Event: 41.159 Thread 0x00000114865ac8a0 Exception <a 'java/lang/NoSuchMethodError'{0x000000009b32f0d0}: 'java.lang.Object java.lang.invoke.DirectMethodHandle$Holder.invokeSpecial(java.lang.Object, java.lang.Object, java.lang.Object, int, java.lang.Object, int)'> (0x000000009b32f0d0) 
thrown [s\src\hotspot\share\interpreter\linkResolver.cpp, line 771]
Event: 41.562 Thread 0x0000011491cf5510 Exception <a 'java/lang/reflect/InvocationTargetException'{0x000000009a945770}> (0x000000009a945770) 
thrown [s\src\hotspot\share\runtime\reflection.cpp, line 1127]
Event: 41.704 Thread 0x0000011491cf5510 Exception <a 'java/lang/NoSuchMethodError'{0x000000009a827df8}: 'java.lang.Object java.lang.invoke.DirectMethodHandle$Holder.invokeVirtual(java.lang.Object, java.lang.Object, java.lang.Object, java.lang.Object, java.lang.Object)'> (0x000000009a827df8) 
thrown [s\src\hotspot\share\interpreter\linkResolver.cpp, line 771]
Event: 41.757 Thread 0x0000011491cf5510 Exception <a 'java/lang/NoSuchMethodError'{0x000000009a7526c8}: 'void java.lang.invoke.Invokers$Holder.invoke_MT(java.lang.Object, java.lang.Object, java.lang.Object, java.lang.Object)'> (0x000000009a7526c8) 
thrown [s\src\hotspot\share\interpreter\linkResolver.cpp, line 771]

VM Operations (20 events):
Event: 38.254 Executing VM operation: G1CollectForAllocation
Event: 38.274 Executing VM operation: G1CollectForAllocation done
Event: 38.292 Executing VM operation: G1CollectForAllocation
Event: 38.304 Executing VM operation: G1CollectForAllocation done
Event: 39.310 Executing VM operation: Cleanup
Event: 39.310 Executing VM operation: Cleanup done
Event: 39.885 Executing VM operation: G1CollectForAllocation
Event: 39.901 Executing VM operation: G1CollectForAllocation done
Event: 40.908 Executing VM operation: Cleanup
Event: 40.923 Executing VM operation: Cleanup done
Event: 41.172 Executing VM operation: HandshakeAllThreads
Event: 41.172 Executing VM operation: HandshakeAllThreads done
Event: 41.177 Executing VM operation: HandshakeAllThreads
Event: 41.177 Executing VM operation: HandshakeAllThreads done
Event: 41.243 Executing VM operation: HandshakeAllThreads
Event: 41.243 Executing VM operation: HandshakeAllThreads done
Event: 41.298 Executing VM operation: HandshakeAllThreads
Event: 41.298 Executing VM operation: HandshakeAllThreads done
Event: 42.311 Executing VM operation: Cleanup
Event: 42.311 Executing VM operation: Cleanup done

Events (20 events):
Event: 41.322 loading class com/sun/beans/introspect/ClassInfo done
Event: 41.322 loading class com/sun/beans/introspect/ClassInfo$1
Event: 41.323 loading class com/sun/beans/util/Cache
Event: 41.324 loading class com/sun/beans/util/Cache done
Event: 41.324 loading class com/sun/beans/introspect/ClassInfo$1 done
Event: 41.324 loading class com/sun/beans/util/Cache$Kind
Event: 41.324 loading class com/sun/beans/util/Cache$Kind done
Event: 41.324 loading class com/sun/beans/util/Cache$Kind$1
Event: 41.324 loading class com/sun/beans/util/Cache$Kind$1 done
Event: 41.325 loading class com/sun/beans/util/Cache$Kind$2
Event: 41.325 loading class com/sun/beans/util/Cache$Kind$2 done
Event: 41.325 loading class com/sun/beans/util/Cache$Kind$3
Event: 41.325 loading class com/sun/beans/util/Cache$Kind$3 done
Event: 41.325 loading class com/sun/beans/util/Cache$CacheEntry
Event: 41.325 loading class com/sun/beans/util/Cache$CacheEntry done
Event: 41.327 Thread 0x000001148674eec0 Thread exited: 0x000001148674eec0
Event: 41.328 Thread 0x00000114eacd2e10 Thread exited: 0x00000114eacd2e10
Event: 41.329 Thread 0x0000011491cf3d00 Thread added: 0x0000011491cf3d00
Event: 41.383 loading class java/util/TreeMap$KeySpliterator
Event: 41.383 loading class java/util/TreeMap$KeySpliterator done


Dynamic libraries:
0x00007ff7a3d60000 - 0x00007ff7a3d6a000 	C:\Users\david\.jdks\jbr-17.0.5\bin\java.exe
0x00007ffc9f8b0000 - 0x00007ffc9fac4000 	C:\WINDOWS\SYSTEM32\ntdll.dll
0x00007ffc9e800000 - 0x00007ffc9e8c4000 	C:\WINDOWS\System32\KERNEL32.DLL
0x00007ffc9d080000 - 0x00007ffc9d424000 	C:\WINDOWS\System32\KERNELBASE.dll
0x00007ffc9cd10000 - 0x00007ffc9ce21000 	C:\WINDOWS\System32\ucrtbase.dll
0x00007ffc884b0000 - 0x00007ffc884cb000 	C:\Users\david\.jdks\jbr-17.0.5\bin\VCRUNTIME140.dll
0x00007ffc88490000 - 0x00007ffc884a7000 	C:\Users\david\.jdks\jbr-17.0.5\bin\jli.dll
0x00007ffc9e3c0000 - 0x00007ffc9e56a000 	C:\WINDOWS\System32\USER32.dll
0x00007ffc879a0000 - 0x00007ffc87c2f000 	C:\WINDOWS\WinSxS\amd64_microsoft.windows.common-controls_6595b64144ccf1df_6.0.22621.2070_none_2713e6537381f706\COMCTL32.dll
0x00007ffc9e8f0000 - 0x00007ffc9e997000 	C:\WINDOWS\System32\msvcrt.dll
0x00007ffc9d640000 - 0x00007ffc9d666000 	C:\WINDOWS\System32\win32u.dll
0x00007ffc9e7d0000 - 0x00007ffc9e7f9000 	C:\WINDOWS\System32\GDI32.dll
0x00007ffc9ce30000 - 0x00007ffc9cf49000 	C:\WINDOWS\System32\gdi32full.dll
0x00007ffc9d430000 - 0x00007ffc9d4ca000 	C:\WINDOWS\System32\msvcp_win.dll
0x00007ffc9db10000 - 0x00007ffc9db41000 	C:\WINDOWS\System32\IMM32.DLL
0x00007ffc99c10000 - 0x00007ffc99c1c000 	C:\Users\david\.jdks\jbr-17.0.5\bin\vcruntime140_1.dll
0x00007ffc35ce0000 - 0x00007ffc35d6d000 	C:\Users\david\.jdks\jbr-17.0.5\bin\msvcp140.dll
0x00007ffba28d0000 - 0x00007ffba353a000 	C:\Users\david\.jdks\jbr-17.0.5\bin\server\jvm.dll
0x00007ffc9d960000 - 0x00007ffc9da10000 	C:\WINDOWS\System32\ADVAPI32.dll
0x00007ffc9d700000 - 0x00007ffc9d7a6000 	C:\WINDOWS\System32\sechost.dll
0x00007ffc9ee20000 - 0x00007ffc9ef37000 	C:\WINDOWS\System32\RPCRT4.dll
0x00007ffc95ec0000 - 0x00007ffc95ef4000 	C:\WINDOWS\SYSTEM32\WINMM.dll
0x00007ffc85ef0000 - 0x00007ffc85ef9000 	C:\WINDOWS\SYSTEM32\WSOCK32.dll
0x00007ffc95f00000 - 0x00007ffc95f0a000 	C:\WINDOWS\SYSTEM32\VERSION.dll
0x00007ffc9e570000 - 0x00007ffc9e5e1000 	C:\WINDOWS\System32\WS2_32.dll
0x00007ffc9bc40000 - 0x00007ffc9bc58000 	C:\WINDOWS\SYSTEM32\kernel.appcore.dll
0x00007ffc974a0000 - 0x00007ffc974aa000 	C:\Users\david\.jdks\jbr-17.0.5\bin\jimage.dll
0x00007ffc93bc0000 - 0x00007ffc93dee000 	C:\WINDOWS\SYSTEM32\DBGHELP.DLL
0x00007ffc9ef40000 - 0x00007ffc9f2ca000 	C:\WINDOWS\System32\combase.dll
0x00007ffc9d880000 - 0x00007ffc9d957000 	C:\WINDOWS\System32\OLEAUT32.dll
0x00007ffc898c0000 - 0x00007ffc898f2000 	C:\WINDOWS\SYSTEM32\dbgcore.DLL
0x00007ffc9cc90000 - 0x00007ffc9cd0a000 	C:\WINDOWS\System32\bcryptPrimitives.dll
0x00007ffc8d650000 - 0x00007ffc8d65e000 	C:\Users\david\.jdks\jbr-17.0.5\bin\instrument.dll
0x00007ffc79ea0000 - 0x00007ffc79ec5000 	C:\Users\david\.jdks\jbr-17.0.5\bin\java.dll
0x00007ffc79010000 - 0x00007ffc79028000 	C:\Users\david\.jdks\jbr-17.0.5\bin\zip.dll
0x00007ffc35620000 - 0x00007ffc356f7000 	C:\Users\david\.jdks\jbr-17.0.5\bin\jsvml.dll
0x00007ffc9db50000 - 0x00007ffc9e366000 	C:\WINDOWS\System32\SHELL32.dll
0x00007ffc9ac10000 - 0x00007ffc9b4fa000 	C:\WINDOWS\SYSTEM32\windows.storage.dll
0x00007ffc9aad0000 - 0x00007ffc9ac0e000 	C:\WINDOWS\SYSTEM32\wintypes.dll
0x00007ffc9da10000 - 0x00007ffc9db03000 	C:\WINDOWS\System32\SHCORE.dll
0x00007ffc9d820000 - 0x00007ffc9d87e000 	C:\WINDOWS\System32\shlwapi.dll
0x00007ffc9cbc0000 - 0x00007ffc9cbe6000 	C:\WINDOWS\SYSTEM32\profapi.dll
0x00007ffc78a00000 - 0x00007ffc78a19000 	C:\Users\david\.jdks\jbr-17.0.5\bin\net.dll
0x00007ffc95af0000 - 0x00007ffc95c27000 	C:\WINDOWS\SYSTEM32\WINHTTP.dll
0x00007ffc9c110000 - 0x00007ffc9c179000 	C:\WINDOWS\system32\mswsock.dll
0x00007ffc768f0000 - 0x00007ffc76906000 	C:\Users\david\.jdks\jbr-17.0.5\bin\nio.dll
0x00007ffc54b30000 - 0x00007ffc54b4a000 	C:\Program Files\JetBrains\IntelliJ IDEA Community Edition 2022.2.3\bin\breakgen64.dll
0x00007ffc768e0000 - 0x00007ffc768e9000 	C:\Users\david\.jdks\jbr-17.0.5\bin\management.dll
0x00007ffc768d0000 - 0x00007ffc768db000 	C:\Users\david\.jdks\jbr-17.0.5\bin\management_ext.dll
0x00007ffc9f860000 - 0x00007ffc9f868000 	C:\WINDOWS\System32\PSAPI.DLL
0x00007ffc9c380000 - 0x00007ffc9c39b000 	C:\WINDOWS\SYSTEM32\CRYPTSP.dll
0x00007ffc9bc00000 - 0x00007ffc9bc35000 	C:\WINDOWS\system32\rsaenh.dll
0x00007ffc9c220000 - 0x00007ffc9c24c000 	C:\WINDOWS\SYSTEM32\USERENV.dll
0x00007ffc9c560000 - 0x00007ffc9c588000 	C:\WINDOWS\SYSTEM32\bcrypt.dll
0x00007ffc9c3a0000 - 0x00007ffc9c3ac000 	C:\WINDOWS\SYSTEM32\CRYPTBASE.dll
0x00007ffc9b760000 - 0x00007ffc9b78d000 	C:\WINDOWS\SYSTEM32\IPHLPAPI.DLL
0x00007ffc9d810000 - 0x00007ffc9d819000 	C:\WINDOWS\System32\NSI.dll
0x00007ffc95f30000 - 0x00007ffc95f49000 	C:\WINDOWS\SYSTEM32\dhcpcsvc6.DLL
0x00007ffc95f10000 - 0x00007ffc95f2f000 	C:\WINDOWS\SYSTEM32\dhcpcsvc.DLL
0x00007ffc9b7d0000 - 0x00007ffc9b8c3000 	C:\WINDOWS\SYSTEM32\DNSAPI.dll
0x00007ffc74680000 - 0x00007ffc7468e000 	C:\Users\david\.jdks\jbr-17.0.5\bin\sunmscapi.dll
0x00007ffc9d4d0000 - 0x00007ffc9d637000 	C:\WINDOWS\System32\CRYPT32.dll
0x00007ffc9c530000 - 0x00007ffc9c55e000 	C:\WINDOWS\SYSTEM32\ncrypt.dll
0x00007ffc9c4f0000 - 0x00007ffc9c527000 	C:\WINDOWS\SYSTEM32\NTASN1.dll
0x00007ffc8d1d0000 - 0x00007ffc8d1e0000 	C:\Users\david\.jdks\jbr-17.0.5\bin\verify.dll
0x00007ffc93a30000 - 0x00007ffc93a3a000 	C:\Windows\System32\rasadhlp.dll
0x00007ffc93b30000 - 0x00007ffc93bb4000 	C:\WINDOWS\System32\fwpuclnt.dll
0x00007ffc4b050000 - 0x00007ffc4b058000 	C:\WINDOWS\system32\wshunix.dll

dbghelp: loaded successfully - version: 4.0.5 - missing functions: none
symbol engine: initialized successfully - sym options: 0x614 - pdb path: .;C:\Users\david\.jdks\jbr-17.0.5\bin;C:\WINDOWS\SYSTEM32;C:\WINDOWS\WinSxS\amd64_microsoft.windows.common-controls_6595b64144ccf1df_6.0.22621.2070_none_2713e6537381f706;C:\Users\david\.jdks\jbr-17.0.5\bin\server;C:\Program Files\JetBrains\IntelliJ IDEA Community Edition 2022.2.3\bin

VM Arguments:
jvm_args: -javaagent:C:\Program Files\JetBrains\IntelliJ IDEA Community Edition 2022.2.3\lib\idea_rt.jar=61048:C:\Program Files\JetBrains\IntelliJ IDEA Community Edition 2022.2.3\bin -Dfile.encoding=UTF-8 
java_command: com.proyecto.faan.FaanBackApplication
java_class_path (initial): C:\Users\david\OneDrive\Escritorio\Proyectos\Proyecto VInculacion FAAN\Backend\FAAN-BACK\target\classes;C:\Users\david\.m2\repository\org\springframework\boot\spring-boot-starter-validation\3.1.1\spring-boot-starter-validation-3.1.1.jar;C:\Users\david\.m2\repository\org\springframework\boot\spring-boot-starter\3.1.1\spring-boot-starter-3.1.1.jar;C:\Users\david\.m2\repository\org\springframework\boot\spring-boot-starter-logging\3.1.1\spring-boot-starter-logging-3.1.1.jar;C:\Users\david\.m2\repository\ch\qos\logback\logback-classic\1.4.8\logback-classic-1.4.8.jar;C:\Users\david\.m2\repository\ch\qos\logback\logback-core\1.4.8\logback-core-1.4.8.jar;C:\Users\david\.m2\repository\org\apache\logging\log4j\log4j-to-slf4j\2.20.0\log4j-to-slf4j-2.20.0.jar;C:\Users\david\.m2\repository\org\apache\logging\log4j\log4j-api\2.20.0\log4j-api-2.20.0.jar;C:\Users\david\.m2\repository\org\slf4j\jul-to-slf4j\2.0.7\jul-to-slf4j-2.0.7.jar;C:\Users\david\.m2\repository\jakarta\annotation\jakarta.annotation-api\2.1.1\jakarta.annotation-api-2.1.1.jar;C:\Users\david\.m2\repository\org\yaml\snakeyaml\1.33\snakeyaml-1.33.jar;C:\Users\david\.m2\repository\org\apache\tomcat\embed\tomcat-embed-el\10.1.10\tomcat-embed-el-10.1.10.jar;C:\Users\david\.m2\repository\org\hibernate\validator\hibernate-validator\8.0.0.Final\hibernate-validator-8.0.0.Final.jar;C:\Users\david\.m2\repository\jakarta\validation\jakarta.validation-api\3.0.2\jakarta.validation-api-3.0.2.jar;C:\Users\david\.m2\repository\org\jboss\logging\jboss-logging\3.5.1.Final\jboss-logging-3.5.1.Final.jar;C:\Users\david\.m2\repository\com\fasterxml\classmate\1.5.1\classmate-1.5.1.jar;C:\Users\david\.m2\repository\org\springframework\boot\spring-boot-starter-data-jpa\3.1.1\spring-boot-starter-data-jpa-3.1.1.jar;C:\Users\david\.m2\repository\org\springframework\boot\spring-boot-starter-aop\3.1.1\spring-boot-starter-aop-3.1.1.jar;C:\Users\david\.m2\repository\org\springframework\spring-aop\6.0.10\spring-aop-6.0.
Launcher Type: SUN_STANDARD

[Global flags]
     intx CICompilerCount                          = 4                                         {product} {ergonomic}
     uint ConcGCThreads                            = 2                                         {product} {ergonomic}
     uint G1ConcRefinementThreads                  = 8                                         {product} {ergonomic}
   size_t G1HeapRegionSize                         = 1048576                                   {product} {ergonomic}
    uintx GCDrainStackTargetSize                   = 64                                        {product} {ergonomic}
   size_t InitialHeapSize                          = 130023424                                 {product} {ergonomic}
   size_t MarkStackSize                            = 4194304                                   {product} {ergonomic}
   size_t MaxHeapSize                              = 2065694720                                {product} {ergonomic}
   size_t MaxNewSize                               = 1239416832                                {product} {ergonomic}
   size_t MinHeapDeltaBytes                        = 1048576                                   {product} {ergonomic}
   size_t MinHeapSize                              = 8388608                                   {product} {ergonomic}
    uintx NonNMethodCodeHeapSize                   = 5839372                                {pd product} {ergonomic}
    uintx NonProfiledCodeHeapSize                  = 122909434                              {pd product} {ergonomic}
    uintx ProfiledCodeHeapSize                     = 122909434                              {pd product} {ergonomic}
    uintx ReservedCodeCacheSize                    = 251658240                              {pd product} {ergonomic}
     bool SegmentedCodeCache                       = true                                      {product} {ergonomic}
   size_t SoftMaxHeapSize                          = 2065694720                             {manageable} {ergonomic}
     bool UseCompressedClassPointers               = true                           {product lp64_product} {ergonomic}
     bool UseCompressedOops                        = true                           {product lp64_product} {ergonomic}
     bool UseG1GC                                  = true                                      {product} {ergonomic}
     bool UseLargePagesIndividualAllocation        = false                                  {pd product} {ergonomic}

Logging:
Log output configuration:
 #0: stdout all=warning uptime,level,tags
 #1: stderr all=off uptime,level,tags

Environment Variables:
JAVA_HOME=C:\Program Files\Java\jdk-17.0.5
PATH=C:\orant\bin;C:\app\david\product\21c\dbhomeXE\bin;C:\Program Files\Common Files\Oracle\Java\javapath;C:\ProgramData\Oracle\Java\javapath;C:\WINDOWS\system32;C:\WINDOWS;C:\WINDOWS\System32\Wbem;C:\WINDOWS\System32\WindowsPowerShell\v1.0\;C:\WINDOWS\System32\OpenSSH\;C:\Program Files\Java\jdk-17.0.5\bin;D:\Archivos de Programas\Git\cmd;D:\Archivos de Programas\Git\mingw64\bin;D:\Archivos de Programas\Git\usr\bin;C:\Users\david\AppData\Roaming\nvm;C:\Program Files\nodejs;C:\Users\david\AppData\Local\Programs\Python\Python37;C:\Users\david\AppData\Local\Programs\Python\Python37\Scripts;C:\xampp\php;C:\WINDOWS\system32\config\systemprofile\.dnx\bin;C:\Program Files\Microsoft DNX\Dnvm\;C:\Program Files\MongoDB\Tools\100\bin;C:\xampp\php;C:\Program Files\nodejs\;C:\src\flutter\bin;C:\Program Files\Microsoft SQL Server\150\Tools\Binn\;C:\Program Files\Microsoft SQL Server\Client SDK\ODBC\170\Tools\Binn\;C:\Users\david\AppData\Local\Android\Sdk;C:\orant\jdk\bin;C:\Program Files\dotnet\;C:\src\flutter\bin;C:\Program Files\MySQL\MySQL Shell 8.0\bin\;C:\Users\david\AppData\Local\Microsoft\WindowsApps;D:\Archivos de Programas\Microsoft VS Code\bin;D:\Archivos de Programas\Git\cmd;C:\Users\david\AppData\Roaming\nvm;C:\Program Files\nodejs;C:\Users\david\.fly\bin;C:\Users\david\AppData\Roaming\npm;C:\Users\david\AppData\Local\Android\Sdk;C:\Program Files\Java\jdk-17.0.5\bin;C:\Users\david\.dotnet\tools
USERNAME=david
OS=Windows_NT
PROCESSOR_IDENTIFIER=AMD64 Family 23 Model 24 Stepping 1, AuthenticAMD
TMP=C:\Users\david\AppData\Local\Temp
TEMP=C:\Users\david\AppData\Local\Temp



---------------  S Y S T E M  ---------------

OS:
 Windows 11 , 64 bit Build 22621 (10.0.22621.2070)
OS uptime: 3 days 7:38 hours
Hyper-V role detected

CPU: total 8 (initial active 8) (8 cores per cpu, 2 threads per core) family 23 model 24 stepping 1 microcode 0x0, cx8, cmov, fxsr, ht, mmx, 3dnowpref, sse, sse2, sse3, ssse3, sse4a, sse4.1, sse4.2, popcnt, lzcnt, tsc, tscinvbit, avx, avx2, aes, clmul, bmi1, bmi2, adx, sha, fma, vzeroupper, clflush, clflushopt, hv

Memory: 4k page, system-wide physical 7874M (357M free)
TotalPageFile size 32450M (AvailPageFile size 3M)
current process WorkingSet (physical memory assigned to process): 528M, peak: 548M
current process commit charge ("private bytes"): 667M, peak: 688M

vm_info: OpenJDK 64-Bit Server VM (17.0.5+1-b653.6) for windows-amd64 JRE (17.0.5+1-b653.6), built on 2022-10-28 by "builduser" with MS VC++ 16.10 / 16.11 (VS2019)

END.
